[INFO][2020-02-21 17:01:17,541][worker.py][__init__][50] Worker initialized in 127.0.1.1
[INFO][2020-02-21 17:01:17,548][worker.py][check_reload][95] new models confirmed and reload is now finished!
[DEBUG][2020-02-21 17:01:18,146][connectionpool.py][_new_conn][208] Starting new HTTP connection (1): localhost
[DEBUG][2020-02-21 17:01:18,154][connectionpool.py][_make_request][396] http://localhost:20000 "POST /save HTTP/1.1" 200 3
[DEBUG][2020-02-21 17:01:18,770][connectionpool.py][_new_conn][208] Starting new HTTP connection (1): localhost
[DEBUG][2020-02-21 17:01:18,775][connectionpool.py][_make_request][396] http://localhost:20000 "POST /save HTTP/1.1" 200 3
[DEBUG][2020-02-21 17:01:19,254][connectionpool.py][_new_conn][208] Starting new HTTP connection (1): localhost
[DEBUG][2020-02-21 17:01:19,258][connectionpool.py][_make_request][396] http://localhost:20000 "POST /save HTTP/1.1" 200 3
[DEBUG][2020-02-21 17:01:19,679][connectionpool.py][_new_conn][208] Starting new HTTP connection (1): localhost
[DEBUG][2020-02-21 17:01:19,683][connectionpool.py][_make_request][396] http://localhost:20000 "POST /save HTTP/1.1" 200 3
[DEBUG][2020-02-21 17:01:20,137][connectionpool.py][_new_conn][208] Starting new HTTP connection (1): localhost
[DEBUG][2020-02-21 17:01:20,141][connectionpool.py][_make_request][396] http://localhost:20000 "POST /save HTTP/1.1" 200 3
[DEBUG][2020-02-21 17:01:20,523][connectionpool.py][_new_conn][208] Starting new HTTP connection (1): localhost
[DEBUG][2020-02-21 17:01:20,527][connectionpool.py][_make_request][396] http://localhost:20000 "POST /save HTTP/1.1" 200 3
[DEBUG][2020-02-21 17:01:21,042][connectionpool.py][_new_conn][208] Starting new HTTP connection (1): localhost
[DEBUG][2020-02-21 17:01:21,049][connectionpool.py][_make_request][396] http://localhost:20000 "POST /save HTTP/1.1" 200 3
[DEBUG][2020-02-21 17:01:21,451][connectionpool.py][_new_conn][208] Starting new HTTP connection (1): localhost
[DEBUG][2020-02-21 17:01:21,456][connectionpool.py][_make_request][396] http://localhost:20000 "POST /save HTTP/1.1" 200 3
[DEBUG][2020-02-21 17:01:21,843][connectionpool.py][_new_conn][208] Starting new HTTP connection (1): localhost
[DEBUG][2020-02-21 17:01:21,847][connectionpool.py][_make_request][396] http://localhost:20000 "POST /save HTTP/1.1" 200 3
[DEBUG][2020-02-21 17:01:22,232][connectionpool.py][_new_conn][208] Starting new HTTP connection (1): localhost
[DEBUG][2020-02-21 17:01:22,237][connectionpool.py][_make_request][396] http://localhost:20000 "POST /save HTTP/1.1" 200 3
[DEBUG][2020-02-21 17:01:22,722][connectionpool.py][_new_conn][208] Starting new HTTP connection (1): localhost
[DEBUG][2020-02-21 17:01:22,727][connectionpool.py][_make_request][396] http://localhost:20000 "POST /save HTTP/1.1" 200 3
[DEBUG][2020-02-21 17:01:23,167][connectionpool.py][_new_conn][208] Starting new HTTP connection (1): localhost
[DEBUG][2020-02-21 17:01:23,171][connectionpool.py][_make_request][396] http://localhost:20000 "POST /save HTTP/1.1" 200 3
[DEBUG][2020-02-21 17:01:23,615][connectionpool.py][_new_conn][208] Starting new HTTP connection (1): localhost
[DEBUG][2020-02-21 17:01:23,619][connectionpool.py][_make_request][396] http://localhost:20000 "POST /save HTTP/1.1" 200 3
[DEBUG][2020-02-21 17:01:24,597][connectionpool.py][_new_conn][208] Starting new HTTP connection (1): localhost
[DEBUG][2020-02-21 17:01:24,604][connectionpool.py][_make_request][396] http://localhost:20000 "POST /save HTTP/1.1" 200 3
[DEBUG][2020-02-21 17:01:25,013][connectionpool.py][_new_conn][208] Starting new HTTP connection (1): localhost
[DEBUG][2020-02-21 17:01:25,018][connectionpool.py][_make_request][396] http://localhost:20000 "POST /save HTTP/1.1" 200 3
[DEBUG][2020-02-21 17:01:25,523][connectionpool.py][_new_conn][208] Starting new HTTP connection (1): localhost
[DEBUG][2020-02-21 17:01:25,528][connectionpool.py][_make_request][396] http://localhost:20000 "POST /save HTTP/1.1" 200 3
[DEBUG][2020-02-21 17:01:26,094][connectionpool.py][_new_conn][208] Starting new HTTP connection (1): localhost
[DEBUG][2020-02-21 17:01:26,100][connectionpool.py][_make_request][396] http://localhost:20000 "POST /save HTTP/1.1" 200 3
[DEBUG][2020-02-21 17:01:26,544][connectionpool.py][_new_conn][208] Starting new HTTP connection (1): localhost
[DEBUG][2020-02-21 17:01:26,549][connectionpool.py][_make_request][396] http://localhost:20000 "POST /save HTTP/1.1" 200 3
[DEBUG][2020-02-21 17:01:27,194][connectionpool.py][_new_conn][208] Starting new HTTP connection (1): localhost
[DEBUG][2020-02-21 17:01:27,201][connectionpool.py][_make_request][396] http://localhost:20000 "POST /save HTTP/1.1" 200 3
[DEBUG][2020-02-21 17:01:27,618][connectionpool.py][_new_conn][208] Starting new HTTP connection (1): localhost
[DEBUG][2020-02-21 17:01:27,623][connectionpool.py][_make_request][396] http://localhost:20000 "POST /save HTTP/1.1" 200 3
[DEBUG][2020-02-21 17:01:28,053][connectionpool.py][_new_conn][208] Starting new HTTP connection (1): localhost
[DEBUG][2020-02-21 17:01:28,059][connectionpool.py][_make_request][396] http://localhost:20000 "POST /save HTTP/1.1" 200 3
[DEBUG][2020-02-21 17:01:28,959][connectionpool.py][_new_conn][208] Starting new HTTP connection (1): localhost
[DEBUG][2020-02-21 17:01:28,965][connectionpool.py][_make_request][396] http://localhost:20000 "POST /save HTTP/1.1" 200 3
[DEBUG][2020-02-21 17:01:29,450][connectionpool.py][_new_conn][208] Starting new HTTP connection (1): localhost
[DEBUG][2020-02-21 17:01:29,456][connectionpool.py][_make_request][396] http://localhost:20000 "POST /save HTTP/1.1" 200 3
[DEBUG][2020-02-21 17:01:29,863][connectionpool.py][_new_conn][208] Starting new HTTP connection (1): localhost
[DEBUG][2020-02-21 17:01:29,868][connectionpool.py][_make_request][396] http://localhost:20000 "POST /save HTTP/1.1" 200 3
[DEBUG][2020-02-21 17:01:30,338][connectionpool.py][_new_conn][208] Starting new HTTP connection (1): localhost
[DEBUG][2020-02-21 17:01:30,344][connectionpool.py][_make_request][396] http://localhost:20000 "POST /save HTTP/1.1" 200 3
[DEBUG][2020-02-21 17:01:30,773][connectionpool.py][_new_conn][208] Starting new HTTP connection (1): localhost
[DEBUG][2020-02-21 17:01:30,778][connectionpool.py][_make_request][396] http://localhost:20000 "POST /save HTTP/1.1" 200 3
[DEBUG][2020-02-21 17:01:31,248][connectionpool.py][_new_conn][208] Starting new HTTP connection (1): localhost
[DEBUG][2020-02-21 17:01:31,255][connectionpool.py][_make_request][396] http://localhost:20000 "POST /save HTTP/1.1" 200 3
[DEBUG][2020-02-21 17:01:31,691][connectionpool.py][_new_conn][208] Starting new HTTP connection (1): localhost
[DEBUG][2020-02-21 17:01:31,696][connectionpool.py][_make_request][396] http://localhost:20000 "POST /save HTTP/1.1" 200 3
[DEBUG][2020-02-21 17:01:32,261][connectionpool.py][_new_conn][208] Starting new HTTP connection (1): localhost
[DEBUG][2020-02-21 17:01:32,267][connectionpool.py][_make_request][396] http://localhost:20000 "POST /save HTTP/1.1" 200 3
[DEBUG][2020-02-21 17:01:32,730][connectionpool.py][_new_conn][208] Starting new HTTP connection (1): localhost
[DEBUG][2020-02-21 17:01:32,736][connectionpool.py][_make_request][396] http://localhost:20000 "POST /save HTTP/1.1" 200 3
[DEBUG][2020-02-21 17:01:33,290][connectionpool.py][_new_conn][208] Starting new HTTP connection (1): localhost
[DEBUG][2020-02-21 17:01:33,296][connectionpool.py][_make_request][396] http://localhost:20000 "POST /save HTTP/1.1" 200 3
[DEBUG][2020-02-21 17:01:33,708][connectionpool.py][_new_conn][208] Starting new HTTP connection (1): localhost
[DEBUG][2020-02-21 17:01:33,714][connectionpool.py][_make_request][396] http://localhost:20000 "POST /save HTTP/1.1" 200 3
[DEBUG][2020-02-21 17:01:34,198][connectionpool.py][_new_conn][208] Starting new HTTP connection (1): localhost
[DEBUG][2020-02-21 17:01:34,204][connectionpool.py][_make_request][396] http://localhost:20000 "POST /save HTTP/1.1" 200 3
[DEBUG][2020-02-21 17:01:34,612][connectionpool.py][_new_conn][208] Starting new HTTP connection (1): localhost
[DEBUG][2020-02-21 17:01:34,617][connectionpool.py][_make_request][396] http://localhost:20000 "POST /save HTTP/1.1" 200 3
[DEBUG][2020-02-21 17:01:35,095][connectionpool.py][_new_conn][208] Starting new HTTP connection (1): localhost
[DEBUG][2020-02-21 17:01:35,099][connectionpool.py][_make_request][396] http://localhost:20000 "POST /save HTTP/1.1" 200 3
[DEBUG][2020-02-21 17:01:35,750][connectionpool.py][_new_conn][208] Starting new HTTP connection (1): localhost
[DEBUG][2020-02-21 17:01:35,755][connectionpool.py][_make_request][396] http://localhost:20000 "POST /save HTTP/1.1" 200 3
[DEBUG][2020-02-21 17:01:36,214][connectionpool.py][_new_conn][208] Starting new HTTP connection (1): localhost
[DEBUG][2020-02-21 17:01:36,220][connectionpool.py][_make_request][396] http://localhost:20000 "POST /save HTTP/1.1" 200 3
[DEBUG][2020-02-21 17:01:36,638][connectionpool.py][_new_conn][208] Starting new HTTP connection (1): localhost
[DEBUG][2020-02-21 17:01:36,644][connectionpool.py][_make_request][396] http://localhost:20000 "POST /save HTTP/1.1" 200 3
[DEBUG][2020-02-21 17:01:37,196][connectionpool.py][_new_conn][208] Starting new HTTP connection (1): localhost
[DEBUG][2020-02-21 17:01:37,202][connectionpool.py][_make_request][396] http://localhost:20000 "POST /save HTTP/1.1" 200 3
[DEBUG][2020-02-21 17:01:37,983][connectionpool.py][_new_conn][208] Starting new HTTP connection (1): localhost
[DEBUG][2020-02-21 17:01:37,990][connectionpool.py][_make_request][396] http://localhost:20000 "POST /save HTTP/1.1" 200 3
[DEBUG][2020-02-21 17:01:38,511][connectionpool.py][_new_conn][208] Starting new HTTP connection (1): localhost
[DEBUG][2020-02-21 17:01:38,516][connectionpool.py][_make_request][396] http://localhost:20000 "POST /save HTTP/1.1" 200 3
[DEBUG][2020-02-21 17:01:38,951][connectionpool.py][_new_conn][208] Starting new HTTP connection (1): localhost
[DEBUG][2020-02-21 17:01:38,955][connectionpool.py][_make_request][396] http://localhost:20000 "POST /save HTTP/1.1" 200 3
[DEBUG][2020-02-21 17:01:39,475][connectionpool.py][_new_conn][208] Starting new HTTP connection (1): localhost
[DEBUG][2020-02-21 17:01:39,480][connectionpool.py][_make_request][396] http://localhost:20000 "POST /save HTTP/1.1" 200 3
[DEBUG][2020-02-21 17:01:40,158][connectionpool.py][_new_conn][208] Starting new HTTP connection (1): localhost
[DEBUG][2020-02-21 17:01:40,166][connectionpool.py][_make_request][396] http://localhost:20000 "POST /save HTTP/1.1" 200 3
[DEBUG][2020-02-21 17:01:40,794][connectionpool.py][_new_conn][208] Starting new HTTP connection (1): localhost
[DEBUG][2020-02-21 17:01:40,801][connectionpool.py][_make_request][396] http://localhost:20000 "POST /save HTTP/1.1" 200 3
[DEBUG][2020-02-21 17:01:41,300][connectionpool.py][_new_conn][208] Starting new HTTP connection (1): localhost
[DEBUG][2020-02-21 17:01:41,306][connectionpool.py][_make_request][396] http://localhost:20000 "POST /save HTTP/1.1" 200 3
[DEBUG][2020-02-21 17:01:41,848][connectionpool.py][_new_conn][208] Starting new HTTP connection (1): localhost
[DEBUG][2020-02-21 17:01:41,853][connectionpool.py][_make_request][396] http://localhost:20000 "POST /save HTTP/1.1" 200 3
[DEBUG][2020-02-21 17:01:42,223][connectionpool.py][_new_conn][208] Starting new HTTP connection (1): localhost
[DEBUG][2020-02-21 17:01:42,226][connectionpool.py][_make_request][396] http://localhost:20000 "POST /save HTTP/1.1" 200 3
[DEBUG][2020-02-21 17:01:42,727][connectionpool.py][_new_conn][208] Starting new HTTP connection (1): localhost
[DEBUG][2020-02-21 17:01:42,732][connectionpool.py][_make_request][396] http://localhost:20000 "POST /save HTTP/1.1" 200 3
[DEBUG][2020-02-21 17:01:43,327][connectionpool.py][_new_conn][208] Starting new HTTP connection (1): localhost
[DEBUG][2020-02-21 17:01:43,333][connectionpool.py][_make_request][396] http://localhost:20000 "POST /save HTTP/1.1" 200 3
[DEBUG][2020-02-21 17:01:43,788][connectionpool.py][_new_conn][208] Starting new HTTP connection (1): localhost
[DEBUG][2020-02-21 17:01:43,794][connectionpool.py][_make_request][396] http://localhost:20000 "POST /save HTTP/1.1" 200 3
[DEBUG][2020-02-21 17:01:44,280][connectionpool.py][_new_conn][208] Starting new HTTP connection (1): localhost
[DEBUG][2020-02-21 17:01:44,287][connectionpool.py][_make_request][396] http://localhost:20000 "POST /save HTTP/1.1" 200 3
[DEBUG][2020-02-21 17:01:44,683][connectionpool.py][_new_conn][208] Starting new HTTP connection (1): localhost
[DEBUG][2020-02-21 17:01:44,688][connectionpool.py][_make_request][396] http://localhost:20000 "POST /save HTTP/1.1" 200 3
[DEBUG][2020-02-21 17:01:45,272][connectionpool.py][_new_conn][208] Starting new HTTP connection (1): localhost
[DEBUG][2020-02-21 17:01:45,279][connectionpool.py][_make_request][396] http://localhost:20000 "POST /save HTTP/1.1" 200 3
[DEBUG][2020-02-21 17:01:45,815][connectionpool.py][_new_conn][208] Starting new HTTP connection (1): localhost
[DEBUG][2020-02-21 17:01:45,822][connectionpool.py][_make_request][396] http://localhost:20000 "POST /save HTTP/1.1" 200 3
[DEBUG][2020-02-21 17:01:46,304][connectionpool.py][_new_conn][208] Starting new HTTP connection (1): localhost
[DEBUG][2020-02-21 17:01:46,310][connectionpool.py][_make_request][396] http://localhost:20000 "POST /save HTTP/1.1" 200 3
[DEBUG][2020-02-21 17:01:46,664][connectionpool.py][_new_conn][208] Starting new HTTP connection (1): localhost
[DEBUG][2020-02-21 17:01:46,669][connectionpool.py][_make_request][396] http://localhost:20000 "POST /save HTTP/1.1" 200 3
[DEBUG][2020-02-21 17:01:47,197][connectionpool.py][_new_conn][208] Starting new HTTP connection (1): localhost
[DEBUG][2020-02-21 17:01:47,203][connectionpool.py][_make_request][396] http://localhost:20000 "POST /save HTTP/1.1" 200 3
[DEBUG][2020-02-21 17:01:47,607][connectionpool.py][_new_conn][208] Starting new HTTP connection (1): localhost
[DEBUG][2020-02-21 17:01:47,612][connectionpool.py][_make_request][396] http://localhost:20000 "POST /save HTTP/1.1" 200 3
[DEBUG][2020-02-21 17:01:48,174][connectionpool.py][_new_conn][208] Starting new HTTP connection (1): localhost
[DEBUG][2020-02-21 17:01:48,180][connectionpool.py][_make_request][396] http://localhost:20000 "POST /save HTTP/1.1" 200 3
[DEBUG][2020-02-21 17:01:49,000][connectionpool.py][_new_conn][208] Starting new HTTP connection (1): localhost
[DEBUG][2020-02-21 17:01:49,007][connectionpool.py][_make_request][396] http://localhost:20000 "POST /save HTTP/1.1" 200 3
[DEBUG][2020-02-21 17:01:49,527][connectionpool.py][_new_conn][208] Starting new HTTP connection (1): localhost
[DEBUG][2020-02-21 17:01:49,531][connectionpool.py][_make_request][396] http://localhost:20000 "POST /save HTTP/1.1" 200 3
[DEBUG][2020-02-21 17:01:49,974][connectionpool.py][_new_conn][208] Starting new HTTP connection (1): localhost
[DEBUG][2020-02-21 17:01:49,978][connectionpool.py][_make_request][396] http://localhost:20000 "POST /save HTTP/1.1" 200 3
[DEBUG][2020-02-21 17:01:50,413][connectionpool.py][_new_conn][208] Starting new HTTP connection (1): localhost
[DEBUG][2020-02-21 17:01:50,419][connectionpool.py][_make_request][396] http://localhost:20000 "POST /save HTTP/1.1" 200 3
[DEBUG][2020-02-21 17:01:50,855][connectionpool.py][_new_conn][208] Starting new HTTP connection (1): localhost
[DEBUG][2020-02-21 17:01:50,860][connectionpool.py][_make_request][396] http://localhost:20000 "POST /save HTTP/1.1" 200 3
[DEBUG][2020-02-21 17:01:51,530][connectionpool.py][_new_conn][208] Starting new HTTP connection (1): localhost
[DEBUG][2020-02-21 17:01:51,537][connectionpool.py][_make_request][396] http://localhost:20000 "POST /save HTTP/1.1" 200 3
[DEBUG][2020-02-21 17:01:52,048][connectionpool.py][_new_conn][208] Starting new HTTP connection (1): localhost
[DEBUG][2020-02-21 17:01:52,054][connectionpool.py][_make_request][396] http://localhost:20000 "POST /save HTTP/1.1" 200 3
[DEBUG][2020-02-21 17:01:52,539][connectionpool.py][_new_conn][208] Starting new HTTP connection (1): localhost
[DEBUG][2020-02-21 17:01:52,544][connectionpool.py][_make_request][396] http://localhost:20000 "POST /save HTTP/1.1" 200 3
[DEBUG][2020-02-21 17:01:53,188][connectionpool.py][_new_conn][208] Starting new HTTP connection (1): localhost
[DEBUG][2020-02-21 17:01:53,195][connectionpool.py][_make_request][396] http://localhost:20000 "POST /save HTTP/1.1" 200 3
[DEBUG][2020-02-21 17:01:53,793][connectionpool.py][_new_conn][208] Starting new HTTP connection (1): localhost
[DEBUG][2020-02-21 17:01:53,798][connectionpool.py][_make_request][396] http://localhost:20000 "POST /save HTTP/1.1" 200 3
[DEBUG][2020-02-21 17:01:54,352][connectionpool.py][_new_conn][208] Starting new HTTP connection (1): localhost
[DEBUG][2020-02-21 17:01:54,358][connectionpool.py][_make_request][396] http://localhost:20000 "POST /save HTTP/1.1" 200 3
[DEBUG][2020-02-21 17:01:54,782][connectionpool.py][_new_conn][208] Starting new HTTP connection (1): localhost
[DEBUG][2020-02-21 17:01:54,787][connectionpool.py][_make_request][396] http://localhost:20000 "POST /save HTTP/1.1" 200 3
[DEBUG][2020-02-21 17:01:55,167][connectionpool.py][_new_conn][208] Starting new HTTP connection (1): localhost
[DEBUG][2020-02-21 17:01:55,172][connectionpool.py][_make_request][396] http://localhost:20000 "POST /save HTTP/1.1" 200 3
[DEBUG][2020-02-21 17:01:55,625][connectionpool.py][_new_conn][208] Starting new HTTP connection (1): localhost
[DEBUG][2020-02-21 17:01:55,631][connectionpool.py][_make_request][396] http://localhost:20000 "POST /save HTTP/1.1" 200 3
[DEBUG][2020-02-21 17:01:56,120][connectionpool.py][_new_conn][208] Starting new HTTP connection (1): localhost
[DEBUG][2020-02-21 17:01:56,125][connectionpool.py][_make_request][396] http://localhost:20000 "POST /save HTTP/1.1" 200 3
[DEBUG][2020-02-21 17:01:56,654][connectionpool.py][_new_conn][208] Starting new HTTP connection (1): localhost
[DEBUG][2020-02-21 17:01:56,661][connectionpool.py][_make_request][396] http://localhost:20000 "POST /save HTTP/1.1" 200 3
[DEBUG][2020-02-21 17:01:57,158][connectionpool.py][_new_conn][208] Starting new HTTP connection (1): localhost
[DEBUG][2020-02-21 17:01:57,163][connectionpool.py][_make_request][396] http://localhost:20000 "POST /save HTTP/1.1" 200 3
[DEBUG][2020-02-21 17:01:57,640][connectionpool.py][_new_conn][208] Starting new HTTP connection (1): localhost
[DEBUG][2020-02-21 17:01:57,645][connectionpool.py][_make_request][396] http://localhost:20000 "POST /save HTTP/1.1" 200 3
[DEBUG][2020-02-21 17:01:58,173][connectionpool.py][_new_conn][208] Starting new HTTP connection (1): localhost
[DEBUG][2020-02-21 17:01:58,179][connectionpool.py][_make_request][396] http://localhost:20000 "POST /save HTTP/1.1" 200 3
[DEBUG][2020-02-21 17:01:58,719][connectionpool.py][_new_conn][208] Starting new HTTP connection (1): localhost
[DEBUG][2020-02-21 17:01:58,725][connectionpool.py][_make_request][396] http://localhost:20000 "POST /save HTTP/1.1" 200 3
[DEBUG][2020-02-21 17:01:59,287][connectionpool.py][_new_conn][208] Starting new HTTP connection (1): localhost
[DEBUG][2020-02-21 17:01:59,294][connectionpool.py][_make_request][396] http://localhost:20000 "POST /save HTTP/1.1" 200 3
[DEBUG][2020-02-21 17:01:59,841][connectionpool.py][_new_conn][208] Starting new HTTP connection (1): localhost
[DEBUG][2020-02-21 17:01:59,847][connectionpool.py][_make_request][396] http://localhost:20000 "POST /save HTTP/1.1" 200 3
[DEBUG][2020-02-21 17:02:00,455][connectionpool.py][_new_conn][208] Starting new HTTP connection (1): localhost
[DEBUG][2020-02-21 17:02:00,461][connectionpool.py][_make_request][396] http://localhost:20000 "POST /save HTTP/1.1" 200 3
[DEBUG][2020-02-21 17:02:00,880][connectionpool.py][_new_conn][208] Starting new HTTP connection (1): localhost
[DEBUG][2020-02-21 17:02:00,885][connectionpool.py][_make_request][396] http://localhost:20000 "POST /save HTTP/1.1" 200 3
[DEBUG][2020-02-21 17:02:01,296][connectionpool.py][_new_conn][208] Starting new HTTP connection (1): localhost
[DEBUG][2020-02-21 17:02:01,301][connectionpool.py][_make_request][396] http://localhost:20000 "POST /save HTTP/1.1" 200 3
[DEBUG][2020-02-21 17:02:01,702][connectionpool.py][_new_conn][208] Starting new HTTP connection (1): localhost
[DEBUG][2020-02-21 17:02:01,707][connectionpool.py][_make_request][396] http://localhost:20000 "POST /save HTTP/1.1" 200 3
[DEBUG][2020-02-21 17:02:02,102][connectionpool.py][_new_conn][208] Starting new HTTP connection (1): localhost
[DEBUG][2020-02-21 17:02:02,107][connectionpool.py][_make_request][396] http://localhost:20000 "POST /save HTTP/1.1" 200 3
[DEBUG][2020-02-21 17:02:02,496][connectionpool.py][_new_conn][208] Starting new HTTP connection (1): localhost
[DEBUG][2020-02-21 17:02:02,501][connectionpool.py][_make_request][396] http://localhost:20000 "POST /save HTTP/1.1" 200 3
[DEBUG][2020-02-21 17:02:03,144][connectionpool.py][_new_conn][208] Starting new HTTP connection (1): localhost
[DEBUG][2020-02-21 17:02:03,152][connectionpool.py][_make_request][396] http://localhost:20000 "POST /save HTTP/1.1" 200 3
[DEBUG][2020-02-21 17:02:03,539][connectionpool.py][_new_conn][208] Starting new HTTP connection (1): localhost
[DEBUG][2020-02-21 17:02:03,543][connectionpool.py][_make_request][396] http://localhost:20000 "POST /save HTTP/1.1" 200 3
[DEBUG][2020-02-21 17:02:04,463][connectionpool.py][_new_conn][208] Starting new HTTP connection (1): localhost
[DEBUG][2020-02-21 17:02:04,468][connectionpool.py][_make_request][396] http://localhost:20000 "POST /save HTTP/1.1" 200 3
[DEBUG][2020-02-21 17:02:04,979][connectionpool.py][_new_conn][208] Starting new HTTP connection (1): localhost
[DEBUG][2020-02-21 17:02:04,984][connectionpool.py][_make_request][396] http://localhost:20000 "POST /save HTTP/1.1" 200 3
[DEBUG][2020-02-21 17:02:05,481][connectionpool.py][_new_conn][208] Starting new HTTP connection (1): localhost
[DEBUG][2020-02-21 17:02:05,485][connectionpool.py][_make_request][396] http://localhost:20000 "POST /save HTTP/1.1" 200 3
[DEBUG][2020-02-21 17:02:05,924][connectionpool.py][_new_conn][208] Starting new HTTP connection (1): localhost
[DEBUG][2020-02-21 17:02:05,929][connectionpool.py][_make_request][396] http://localhost:20000 "POST /save HTTP/1.1" 200 3
[DEBUG][2020-02-21 17:02:06,385][connectionpool.py][_new_conn][208] Starting new HTTP connection (1): localhost
[DEBUG][2020-02-21 17:02:06,391][connectionpool.py][_make_request][396] http://localhost:20000 "POST /save HTTP/1.1" 200 3
[DEBUG][2020-02-21 17:02:06,862][connectionpool.py][_new_conn][208] Starting new HTTP connection (1): localhost
[DEBUG][2020-02-21 17:02:06,868][connectionpool.py][_make_request][396] http://localhost:20000 "POST /save HTTP/1.1" 200 3
[DEBUG][2020-02-21 17:02:07,398][connectionpool.py][_new_conn][208] Starting new HTTP connection (1): localhost
[DEBUG][2020-02-21 17:02:07,402][connectionpool.py][_make_request][396] http://localhost:20000 "POST /save HTTP/1.1" 200 3
[DEBUG][2020-02-21 17:02:07,782][connectionpool.py][_new_conn][208] Starting new HTTP connection (1): localhost
[DEBUG][2020-02-21 17:02:07,786][connectionpool.py][_make_request][396] http://localhost:20000 "POST /save HTTP/1.1" 200 3
[DEBUG][2020-02-21 17:02:08,218][connectionpool.py][_new_conn][208] Starting new HTTP connection (1): localhost
[DEBUG][2020-02-21 17:02:08,222][connectionpool.py][_make_request][396] http://localhost:20000 "POST /save HTTP/1.1" 200 3
[DEBUG][2020-02-21 17:02:08,596][connectionpool.py][_new_conn][208] Starting new HTTP connection (1): localhost
[DEBUG][2020-02-21 17:02:08,601][connectionpool.py][_make_request][396] http://localhost:20000 "POST /save HTTP/1.1" 200 3
[DEBUG][2020-02-21 17:02:09,123][connectionpool.py][_new_conn][208] Starting new HTTP connection (1): localhost
[DEBUG][2020-02-21 17:02:09,129][connectionpool.py][_make_request][396] http://localhost:20000 "POST /save HTTP/1.1" 200 3
[DEBUG][2020-02-21 17:02:09,559][connectionpool.py][_new_conn][208] Starting new HTTP connection (1): localhost
[DEBUG][2020-02-21 17:02:09,565][connectionpool.py][_make_request][396] http://localhost:20000 "POST /save HTTP/1.1" 200 3
[DEBUG][2020-02-21 17:02:10,040][connectionpool.py][_new_conn][208] Starting new HTTP connection (1): localhost
[DEBUG][2020-02-21 17:02:10,046][connectionpool.py][_make_request][396] http://localhost:20000 "POST /save HTTP/1.1" 200 3
[DEBUG][2020-02-21 17:02:10,491][connectionpool.py][_new_conn][208] Starting new HTTP connection (1): localhost
[DEBUG][2020-02-21 17:02:10,496][connectionpool.py][_make_request][396] http://localhost:20000 "POST /save HTTP/1.1" 200 3
[DEBUG][2020-02-21 17:02:10,907][connectionpool.py][_new_conn][208] Starting new HTTP connection (1): localhost
[DEBUG][2020-02-21 17:02:10,911][connectionpool.py][_make_request][396] http://localhost:20000 "POST /save HTTP/1.1" 200 3
[DEBUG][2020-02-21 17:02:11,310][connectionpool.py][_new_conn][208] Starting new HTTP connection (1): localhost
[DEBUG][2020-02-21 17:02:11,316][connectionpool.py][_make_request][396] http://localhost:20000 "POST /save HTTP/1.1" 200 3
[DEBUG][2020-02-21 17:02:11,800][connectionpool.py][_new_conn][208] Starting new HTTP connection (1): localhost
[DEBUG][2020-02-21 17:02:11,806][connectionpool.py][_make_request][396] http://localhost:20000 "POST /save HTTP/1.1" 200 3
[DEBUG][2020-02-21 17:02:12,361][connectionpool.py][_new_conn][208] Starting new HTTP connection (1): localhost
[DEBUG][2020-02-21 17:02:12,368][connectionpool.py][_make_request][396] http://localhost:20000 "POST /save HTTP/1.1" 200 3
[DEBUG][2020-02-21 17:02:12,920][connectionpool.py][_new_conn][208] Starting new HTTP connection (1): localhost
[DEBUG][2020-02-21 17:02:12,925][connectionpool.py][_make_request][396] http://localhost:20000 "POST /save HTTP/1.1" 200 3
[DEBUG][2020-02-21 17:02:13,673][connectionpool.py][_new_conn][208] Starting new HTTP connection (1): localhost
[DEBUG][2020-02-21 17:02:13,681][connectionpool.py][_make_request][396] http://localhost:20000 "POST /save HTTP/1.1" 200 3
[DEBUG][2020-02-21 17:02:14,141][connectionpool.py][_new_conn][208] Starting new HTTP connection (1): localhost
[DEBUG][2020-02-21 17:02:14,146][connectionpool.py][_make_request][396] http://localhost:20000 "POST /save HTTP/1.1" 200 3
[DEBUG][2020-02-21 17:02:14,671][connectionpool.py][_new_conn][208] Starting new HTTP connection (1): localhost
[DEBUG][2020-02-21 17:02:14,676][connectionpool.py][_make_request][396] http://localhost:20000 "POST /save HTTP/1.1" 200 3
[DEBUG][2020-02-21 17:02:15,121][connectionpool.py][_new_conn][208] Starting new HTTP connection (1): localhost
[DEBUG][2020-02-21 17:02:15,125][connectionpool.py][_make_request][396] http://localhost:20000 "POST /save HTTP/1.1" 200 3
[DEBUG][2020-02-21 17:02:15,709][connectionpool.py][_new_conn][208] Starting new HTTP connection (1): localhost
[DEBUG][2020-02-21 17:02:15,716][connectionpool.py][_make_request][396] http://localhost:20000 "POST /save HTTP/1.1" 200 3
[DEBUG][2020-02-21 17:02:16,261][connectionpool.py][_new_conn][208] Starting new HTTP connection (1): localhost
[DEBUG][2020-02-21 17:02:16,267][connectionpool.py][_make_request][396] http://localhost:20000 "POST /save HTTP/1.1" 200 3
[DEBUG][2020-02-21 17:02:16,793][connectionpool.py][_new_conn][208] Starting new HTTP connection (1): localhost
[DEBUG][2020-02-21 17:02:16,799][connectionpool.py][_make_request][396] http://localhost:20000 "POST /save HTTP/1.1" 200 3
[INFO][2020-02-21 22:52:47,251][worker.py][__init__][50] Worker initialized in 127.0.1.1
[INFO][2020-02-21 22:52:47,258][worker.py][check_reload][95] new models confirmed and reload is now finished!
[DEBUG][2020-02-21 22:52:47,768][connectionpool.py][_new_conn][208] Starting new HTTP connection (1): localhost
[DEBUG][2020-02-21 22:52:47,772][connectionpool.py][_make_request][396] http://localhost:20000 "POST /save HTTP/1.1" 200 3
[DEBUG][2020-02-21 22:52:48,240][connectionpool.py][_new_conn][208] Starting new HTTP connection (1): localhost
[DEBUG][2020-02-21 22:52:48,244][connectionpool.py][_make_request][396] http://localhost:20000 "POST /save HTTP/1.1" 200 3
[DEBUG][2020-02-21 22:52:48,690][connectionpool.py][_new_conn][208] Starting new HTTP connection (1): localhost
[DEBUG][2020-02-21 22:52:48,694][connectionpool.py][_make_request][396] http://localhost:20000 "POST /save HTTP/1.1" 200 3
[DEBUG][2020-02-21 22:52:49,189][connectionpool.py][_new_conn][208] Starting new HTTP connection (1): localhost
[DEBUG][2020-02-21 22:52:49,194][connectionpool.py][_make_request][396] http://localhost:20000 "POST /save HTTP/1.1" 200 3
[DEBUG][2020-02-21 22:52:49,804][connectionpool.py][_new_conn][208] Starting new HTTP connection (1): localhost
[DEBUG][2020-02-21 22:52:49,810][connectionpool.py][_make_request][396] http://localhost:20000 "POST /save HTTP/1.1" 200 3
[DEBUG][2020-02-21 22:52:50,330][connectionpool.py][_new_conn][208] Starting new HTTP connection (1): localhost
[DEBUG][2020-02-21 22:52:50,337][connectionpool.py][_make_request][396] http://localhost:20000 "POST /save HTTP/1.1" 200 3
[DEBUG][2020-02-21 22:52:51,191][connectionpool.py][_new_conn][208] Starting new HTTP connection (1): localhost
[DEBUG][2020-02-21 22:52:51,198][connectionpool.py][_make_request][396] http://localhost:20000 "POST /save HTTP/1.1" 200 3
[DEBUG][2020-02-21 22:52:51,638][connectionpool.py][_new_conn][208] Starting new HTTP connection (1): localhost
[DEBUG][2020-02-21 22:52:51,643][connectionpool.py][_make_request][396] http://localhost:20000 "POST /save HTTP/1.1" 200 3
[DEBUG][2020-02-21 22:52:52,346][connectionpool.py][_new_conn][208] Starting new HTTP connection (1): localhost
[DEBUG][2020-02-21 22:52:52,352][connectionpool.py][_make_request][396] http://localhost:20000 "POST /save HTTP/1.1" 200 3
[DEBUG][2020-02-21 22:52:52,875][connectionpool.py][_new_conn][208] Starting new HTTP connection (1): localhost
[DEBUG][2020-02-21 22:52:52,880][connectionpool.py][_make_request][396] http://localhost:20000 "POST /save HTTP/1.1" 200 3
[DEBUG][2020-02-21 22:52:53,587][connectionpool.py][_new_conn][208] Starting new HTTP connection (1): localhost
[DEBUG][2020-02-21 22:52:53,594][connectionpool.py][_make_request][396] http://localhost:20000 "POST /save HTTP/1.1" 200 3
[DEBUG][2020-02-21 22:52:54,027][connectionpool.py][_new_conn][208] Starting new HTTP connection (1): localhost
[DEBUG][2020-02-21 22:52:54,031][connectionpool.py][_make_request][396] http://localhost:20000 "POST /save HTTP/1.1" 200 3
[DEBUG][2020-02-21 22:52:54,519][connectionpool.py][_new_conn][208] Starting new HTTP connection (1): localhost
[DEBUG][2020-02-21 22:52:54,523][connectionpool.py][_make_request][396] http://localhost:20000 "POST /save HTTP/1.1" 200 3
[DEBUG][2020-02-21 22:52:55,014][connectionpool.py][_new_conn][208] Starting new HTTP connection (1): localhost
[DEBUG][2020-02-21 22:52:55,020][connectionpool.py][_make_request][396] http://localhost:20000 "POST /save HTTP/1.1" 200 3
[DEBUG][2020-02-21 22:52:55,464][connectionpool.py][_new_conn][208] Starting new HTTP connection (1): localhost
[DEBUG][2020-02-21 22:52:55,469][connectionpool.py][_make_request][396] http://localhost:20000 "POST /save HTTP/1.1" 200 3
[DEBUG][2020-02-21 22:52:55,922][connectionpool.py][_new_conn][208] Starting new HTTP connection (1): localhost
[DEBUG][2020-02-21 22:52:55,926][connectionpool.py][_make_request][396] http://localhost:20000 "POST /save HTTP/1.1" 200 3
[DEBUG][2020-02-21 22:52:56,289][connectionpool.py][_new_conn][208] Starting new HTTP connection (1): localhost
[DEBUG][2020-02-21 22:52:56,292][connectionpool.py][_make_request][396] http://localhost:20000 "POST /save HTTP/1.1" 200 3
[DEBUG][2020-02-21 22:52:56,764][connectionpool.py][_new_conn][208] Starting new HTTP connection (1): localhost
[DEBUG][2020-02-21 22:52:56,769][connectionpool.py][_make_request][396] http://localhost:20000 "POST /save HTTP/1.1" 200 3
[DEBUG][2020-02-21 22:52:57,552][connectionpool.py][_new_conn][208] Starting new HTTP connection (1): localhost
[DEBUG][2020-02-21 22:52:57,559][connectionpool.py][_make_request][396] http://localhost:20000 "POST /save HTTP/1.1" 200 3
[DEBUG][2020-02-21 22:52:57,923][connectionpool.py][_new_conn][208] Starting new HTTP connection (1): localhost
[DEBUG][2020-02-21 22:52:57,928][connectionpool.py][_make_request][396] http://localhost:20000 "POST /save HTTP/1.1" 200 3
[DEBUG][2020-02-21 22:52:58,354][connectionpool.py][_new_conn][208] Starting new HTTP connection (1): localhost
[DEBUG][2020-02-21 22:52:58,359][connectionpool.py][_make_request][396] http://localhost:20000 "POST /save HTTP/1.1" 200 3
[DEBUG][2020-02-21 22:52:58,845][connectionpool.py][_new_conn][208] Starting new HTTP connection (1): localhost
[DEBUG][2020-02-21 22:52:58,850][connectionpool.py][_make_request][396] http://localhost:20000 "POST /save HTTP/1.1" 200 3
[DEBUG][2020-02-21 22:52:59,508][connectionpool.py][_new_conn][208] Starting new HTTP connection (1): localhost
[DEBUG][2020-02-21 22:52:59,515][connectionpool.py][_make_request][396] http://localhost:20000 "POST /save HTTP/1.1" 200 3
[DEBUG][2020-02-21 22:53:00,045][connectionpool.py][_new_conn][208] Starting new HTTP connection (1): localhost
[DEBUG][2020-02-21 22:53:00,052][connectionpool.py][_make_request][396] http://localhost:20000 "POST /save HTTP/1.1" 200 3
[DEBUG][2020-02-21 22:53:00,486][connectionpool.py][_new_conn][208] Starting new HTTP connection (1): localhost
[DEBUG][2020-02-21 22:53:00,490][connectionpool.py][_make_request][396] http://localhost:20000 "POST /save HTTP/1.1" 200 3
[DEBUG][2020-02-21 22:53:00,971][connectionpool.py][_new_conn][208] Starting new HTTP connection (1): localhost
[DEBUG][2020-02-21 22:53:00,975][connectionpool.py][_make_request][396] http://localhost:20000 "POST /save HTTP/1.1" 200 3
[DEBUG][2020-02-21 22:53:01,449][connectionpool.py][_new_conn][208] Starting new HTTP connection (1): localhost
[DEBUG][2020-02-21 22:53:01,454][connectionpool.py][_make_request][396] http://localhost:20000 "POST /save HTTP/1.1" 200 3
[DEBUG][2020-02-21 22:53:02,038][connectionpool.py][_new_conn][208] Starting new HTTP connection (1): localhost
[DEBUG][2020-02-21 22:53:02,042][connectionpool.py][_make_request][396] http://localhost:20000 "POST /save HTTP/1.1" 200 3
[DEBUG][2020-02-21 22:53:02,777][connectionpool.py][_new_conn][208] Starting new HTTP connection (1): localhost
[DEBUG][2020-02-21 22:53:02,785][connectionpool.py][_make_request][396] http://localhost:20000 "POST /save HTTP/1.1" 200 3
[DEBUG][2020-02-21 22:53:03,135][connectionpool.py][_new_conn][208] Starting new HTTP connection (1): localhost
[DEBUG][2020-02-21 22:53:03,140][connectionpool.py][_make_request][396] http://localhost:20000 "POST /save HTTP/1.1" 200 3
[DEBUG][2020-02-21 22:53:03,654][connectionpool.py][_new_conn][208] Starting new HTTP connection (1): localhost
[DEBUG][2020-02-21 22:53:03,659][connectionpool.py][_make_request][396] http://localhost:20000 "POST /save HTTP/1.1" 200 3
[DEBUG][2020-02-21 22:53:04,154][connectionpool.py][_new_conn][208] Starting new HTTP connection (1): localhost
[DEBUG][2020-02-21 22:53:04,160][connectionpool.py][_make_request][396] http://localhost:20000 "POST /save HTTP/1.1" 200 3
[DEBUG][2020-02-21 22:53:04,702][connectionpool.py][_new_conn][208] Starting new HTTP connection (1): localhost
[DEBUG][2020-02-21 22:53:04,707][connectionpool.py][_make_request][396] http://localhost:20000 "POST /save HTTP/1.1" 200 3
[DEBUG][2020-02-21 22:53:05,184][connectionpool.py][_new_conn][208] Starting new HTTP connection (1): localhost
[DEBUG][2020-02-21 22:53:05,189][connectionpool.py][_make_request][396] http://localhost:20000 "POST /save HTTP/1.1" 200 3
[DEBUG][2020-02-21 22:53:05,577][connectionpool.py][_new_conn][208] Starting new HTTP connection (1): localhost
[DEBUG][2020-02-21 22:53:05,583][connectionpool.py][_make_request][396] http://localhost:20000 "POST /save HTTP/1.1" 200 3
[DEBUG][2020-02-21 22:53:06,038][connectionpool.py][_new_conn][208] Starting new HTTP connection (1): localhost
[DEBUG][2020-02-21 22:53:06,044][connectionpool.py][_make_request][396] http://localhost:20000 "POST /save HTTP/1.1" 200 3
[DEBUG][2020-02-21 22:53:06,698][connectionpool.py][_new_conn][208] Starting new HTTP connection (1): localhost
[DEBUG][2020-02-21 22:53:06,705][connectionpool.py][_make_request][396] http://localhost:20000 "POST /save HTTP/1.1" 200 3
[DEBUG][2020-02-21 22:53:07,239][connectionpool.py][_new_conn][208] Starting new HTTP connection (1): localhost
[DEBUG][2020-02-21 22:53:07,244][connectionpool.py][_make_request][396] http://localhost:20000 "POST /save HTTP/1.1" 200 3
[DEBUG][2020-02-21 22:53:08,117][connectionpool.py][_new_conn][208] Starting new HTTP connection (1): localhost
[DEBUG][2020-02-21 22:53:08,126][connectionpool.py][_make_request][396] http://localhost:20000 "POST /save HTTP/1.1" 200 3
[DEBUG][2020-02-21 22:53:08,576][connectionpool.py][_new_conn][208] Starting new HTTP connection (1): localhost
[DEBUG][2020-02-21 22:53:08,581][connectionpool.py][_make_request][396] http://localhost:20000 "POST /save HTTP/1.1" 200 3
[DEBUG][2020-02-21 22:53:09,280][connectionpool.py][_new_conn][208] Starting new HTTP connection (1): localhost
[DEBUG][2020-02-21 22:53:09,286][connectionpool.py][_make_request][396] http://localhost:20000 "POST /save HTTP/1.1" 200 3
[DEBUG][2020-02-21 22:53:09,682][connectionpool.py][_new_conn][208] Starting new HTTP connection (1): localhost
[DEBUG][2020-02-21 22:53:09,686][connectionpool.py][_make_request][396] http://localhost:20000 "POST /save HTTP/1.1" 200 3
[DEBUG][2020-02-21 22:53:10,120][connectionpool.py][_new_conn][208] Starting new HTTP connection (1): localhost
[DEBUG][2020-02-21 22:53:10,124][connectionpool.py][_make_request][396] http://localhost:20000 "POST /save HTTP/1.1" 200 3
[DEBUG][2020-02-21 22:53:10,532][connectionpool.py][_new_conn][208] Starting new HTTP connection (1): localhost
[DEBUG][2020-02-21 22:53:10,536][connectionpool.py][_make_request][396] http://localhost:20000 "POST /save HTTP/1.1" 200 3
[DEBUG][2020-02-21 22:53:10,958][connectionpool.py][_new_conn][208] Starting new HTTP connection (1): localhost
[DEBUG][2020-02-21 22:53:10,962][connectionpool.py][_make_request][396] http://localhost:20000 "POST /save HTTP/1.1" 200 3
[DEBUG][2020-02-21 22:53:11,593][connectionpool.py][_new_conn][208] Starting new HTTP connection (1): localhost
[DEBUG][2020-02-21 22:53:11,599][connectionpool.py][_make_request][396] http://localhost:20000 "POST /save HTTP/1.1" 200 3
[DEBUG][2020-02-21 22:53:12,325][connectionpool.py][_new_conn][208] Starting new HTTP connection (1): localhost
[DEBUG][2020-02-21 22:53:12,332][connectionpool.py][_make_request][396] http://localhost:20000 "POST /save HTTP/1.1" 200 3
[DEBUG][2020-02-21 22:53:12,851][connectionpool.py][_new_conn][208] Starting new HTTP connection (1): localhost
[DEBUG][2020-02-21 22:53:12,858][connectionpool.py][_make_request][396] http://localhost:20000 "POST /save HTTP/1.1" 200 3
[DEBUG][2020-02-21 22:53:13,252][connectionpool.py][_new_conn][208] Starting new HTTP connection (1): localhost
[DEBUG][2020-02-21 22:53:13,257][connectionpool.py][_make_request][396] http://localhost:20000 "POST /save HTTP/1.1" 200 3
[DEBUG][2020-02-21 22:53:13,801][connectionpool.py][_new_conn][208] Starting new HTTP connection (1): localhost
[DEBUG][2020-02-21 22:53:13,807][connectionpool.py][_make_request][396] http://localhost:20000 "POST /save HTTP/1.1" 200 3
[DEBUG][2020-02-21 22:53:14,357][connectionpool.py][_new_conn][208] Starting new HTTP connection (1): localhost
[DEBUG][2020-02-21 22:53:14,362][connectionpool.py][_make_request][396] http://localhost:20000 "POST /save HTTP/1.1" 200 3
[DEBUG][2020-02-21 22:53:14,755][connectionpool.py][_new_conn][208] Starting new HTTP connection (1): localhost
[DEBUG][2020-02-21 22:53:14,760][connectionpool.py][_make_request][396] http://localhost:20000 "POST /save HTTP/1.1" 200 3
[DEBUG][2020-02-21 22:53:15,290][connectionpool.py][_new_conn][208] Starting new HTTP connection (1): localhost
[DEBUG][2020-02-21 22:53:15,295][connectionpool.py][_make_request][396] http://localhost:20000 "POST /save HTTP/1.1" 200 3
[DEBUG][2020-02-21 22:53:15,807][connectionpool.py][_new_conn][208] Starting new HTTP connection (1): localhost
[DEBUG][2020-02-21 22:53:15,814][connectionpool.py][_make_request][396] http://localhost:20000 "POST /save HTTP/1.1" 200 3
[DEBUG][2020-02-21 22:53:16,244][connectionpool.py][_new_conn][208] Starting new HTTP connection (1): localhost
[DEBUG][2020-02-21 22:53:16,249][connectionpool.py][_make_request][396] http://localhost:20000 "POST /save HTTP/1.1" 200 3
[DEBUG][2020-02-21 22:53:16,888][connectionpool.py][_new_conn][208] Starting new HTTP connection (1): localhost
[DEBUG][2020-02-21 22:53:16,894][connectionpool.py][_make_request][396] http://localhost:20000 "POST /save HTTP/1.1" 200 3
[DEBUG][2020-02-21 22:53:17,349][connectionpool.py][_new_conn][208] Starting new HTTP connection (1): localhost
[DEBUG][2020-02-21 22:53:17,355][connectionpool.py][_make_request][396] http://localhost:20000 "POST /save HTTP/1.1" 200 3
[DEBUG][2020-02-21 22:53:17,828][connectionpool.py][_new_conn][208] Starting new HTTP connection (1): localhost
[DEBUG][2020-02-21 22:53:17,834][connectionpool.py][_make_request][396] http://localhost:20000 "POST /save HTTP/1.1" 200 3
[DEBUG][2020-02-21 22:53:18,465][connectionpool.py][_new_conn][208] Starting new HTTP connection (1): localhost
[DEBUG][2020-02-21 22:53:18,470][connectionpool.py][_make_request][396] http://localhost:20000 "POST /save HTTP/1.1" 200 3
[DEBUG][2020-02-21 22:53:18,903][connectionpool.py][_new_conn][208] Starting new HTTP connection (1): localhost
[DEBUG][2020-02-21 22:53:18,907][connectionpool.py][_make_request][396] http://localhost:20000 "POST /save HTTP/1.1" 200 3
[DEBUG][2020-02-21 22:53:19,427][connectionpool.py][_new_conn][208] Starting new HTTP connection (1): localhost
[DEBUG][2020-02-21 22:53:19,431][connectionpool.py][_make_request][396] http://localhost:20000 "POST /save HTTP/1.1" 200 3
[DEBUG][2020-02-21 22:53:19,987][connectionpool.py][_new_conn][208] Starting new HTTP connection (1): localhost
[DEBUG][2020-02-21 22:53:19,992][connectionpool.py][_make_request][396] http://localhost:20000 "POST /save HTTP/1.1" 200 3
[DEBUG][2020-02-21 22:53:20,655][connectionpool.py][_new_conn][208] Starting new HTTP connection (1): localhost
[DEBUG][2020-02-21 22:53:20,660][connectionpool.py][_make_request][396] http://localhost:20000 "POST /save HTTP/1.1" 200 3
[DEBUG][2020-02-21 22:53:21,085][connectionpool.py][_new_conn][208] Starting new HTTP connection (1): localhost
[DEBUG][2020-02-21 22:53:21,089][connectionpool.py][_make_request][396] http://localhost:20000 "POST /save HTTP/1.1" 200 3
[DEBUG][2020-02-21 22:53:21,840][connectionpool.py][_new_conn][208] Starting new HTTP connection (1): localhost
[DEBUG][2020-02-21 22:53:21,845][connectionpool.py][_make_request][396] http://localhost:20000 "POST /save HTTP/1.1" 200 3
[DEBUG][2020-02-21 22:53:22,454][connectionpool.py][_new_conn][208] Starting new HTTP connection (1): localhost
[DEBUG][2020-02-21 22:53:22,460][connectionpool.py][_make_request][396] http://localhost:20000 "POST /save HTTP/1.1" 200 3
[DEBUG][2020-02-21 22:53:23,093][connectionpool.py][_new_conn][208] Starting new HTTP connection (1): localhost
[DEBUG][2020-02-21 22:53:23,101][connectionpool.py][_make_request][396] http://localhost:20000 "POST /save HTTP/1.1" 200 3
[DEBUG][2020-02-21 22:53:23,618][connectionpool.py][_new_conn][208] Starting new HTTP connection (1): localhost
[DEBUG][2020-02-21 22:53:23,624][connectionpool.py][_make_request][396] http://localhost:20000 "POST /save HTTP/1.1" 200 3
[DEBUG][2020-02-21 22:53:24,201][connectionpool.py][_new_conn][208] Starting new HTTP connection (1): localhost
[DEBUG][2020-02-21 22:53:24,207][connectionpool.py][_make_request][396] http://localhost:20000 "POST /save HTTP/1.1" 200 3
[DEBUG][2020-02-21 22:53:24,533][connectionpool.py][_new_conn][208] Starting new HTTP connection (1): localhost
[DEBUG][2020-02-21 22:53:24,537][connectionpool.py][_make_request][396] http://localhost:20000 "POST /save HTTP/1.1" 200 3
[DEBUG][2020-02-21 22:53:25,098][connectionpool.py][_new_conn][208] Starting new HTTP connection (1): localhost
[DEBUG][2020-02-21 22:53:25,105][connectionpool.py][_make_request][396] http://localhost:20000 "POST /save HTTP/1.1" 200 3
[DEBUG][2020-02-21 22:53:25,632][connectionpool.py][_new_conn][208] Starting new HTTP connection (1): localhost
[DEBUG][2020-02-21 22:53:25,638][connectionpool.py][_make_request][396] http://localhost:20000 "POST /save HTTP/1.1" 200 3
[DEBUG][2020-02-21 22:53:26,154][connectionpool.py][_new_conn][208] Starting new HTTP connection (1): localhost
[DEBUG][2020-02-21 22:53:26,160][connectionpool.py][_make_request][396] http://localhost:20000 "POST /save HTTP/1.1" 200 3
[DEBUG][2020-02-21 22:53:26,616][connectionpool.py][_new_conn][208] Starting new HTTP connection (1): localhost
[DEBUG][2020-02-21 22:53:26,622][connectionpool.py][_make_request][396] http://localhost:20000 "POST /save HTTP/1.1" 200 3
[DEBUG][2020-02-21 22:53:27,212][connectionpool.py][_new_conn][208] Starting new HTTP connection (1): localhost
[DEBUG][2020-02-21 22:53:27,218][connectionpool.py][_make_request][396] http://localhost:20000 "POST /save HTTP/1.1" 200 3
[DEBUG][2020-02-21 22:53:27,765][connectionpool.py][_new_conn][208] Starting new HTTP connection (1): localhost
[DEBUG][2020-02-21 22:53:27,771][connectionpool.py][_make_request][396] http://localhost:20000 "POST /save HTTP/1.1" 200 3
[DEBUG][2020-02-21 22:53:28,267][connectionpool.py][_new_conn][208] Starting new HTTP connection (1): localhost
[DEBUG][2020-02-21 22:53:28,273][connectionpool.py][_make_request][396] http://localhost:20000 "POST /save HTTP/1.1" 200 3
[DEBUG][2020-02-21 22:53:28,876][connectionpool.py][_new_conn][208] Starting new HTTP connection (1): localhost
[DEBUG][2020-02-21 22:53:28,882][connectionpool.py][_make_request][396] http://localhost:20000 "POST /save HTTP/1.1" 200 3
[DEBUG][2020-02-21 22:53:29,686][connectionpool.py][_new_conn][208] Starting new HTTP connection (1): localhost
[DEBUG][2020-02-21 22:53:29,693][connectionpool.py][_make_request][396] http://localhost:20000 "POST /save HTTP/1.1" 200 3
[DEBUG][2020-02-21 22:53:30,180][connectionpool.py][_new_conn][208] Starting new HTTP connection (1): localhost
[DEBUG][2020-02-21 22:53:30,185][connectionpool.py][_make_request][396] http://localhost:20000 "POST /save HTTP/1.1" 200 3
[DEBUG][2020-02-21 22:53:30,749][connectionpool.py][_new_conn][208] Starting new HTTP connection (1): localhost
[DEBUG][2020-02-21 22:53:30,755][connectionpool.py][_make_request][396] http://localhost:20000 "POST /save HTTP/1.1" 200 3
[DEBUG][2020-02-21 22:53:31,242][connectionpool.py][_new_conn][208] Starting new HTTP connection (1): localhost
[DEBUG][2020-02-21 22:53:31,246][connectionpool.py][_make_request][396] http://localhost:20000 "POST /save HTTP/1.1" 200 3
[DEBUG][2020-02-21 22:53:31,749][connectionpool.py][_new_conn][208] Starting new HTTP connection (1): localhost
[DEBUG][2020-02-21 22:53:31,753][connectionpool.py][_make_request][396] http://localhost:20000 "POST /save HTTP/1.1" 200 3
[DEBUG][2020-02-21 22:53:32,222][connectionpool.py][_new_conn][208] Starting new HTTP connection (1): localhost
[DEBUG][2020-02-21 22:53:32,227][connectionpool.py][_make_request][396] http://localhost:20000 "POST /save HTTP/1.1" 200 3
[DEBUG][2020-02-21 22:53:32,653][connectionpool.py][_new_conn][208] Starting new HTTP connection (1): localhost
[DEBUG][2020-02-21 22:53:32,658][connectionpool.py][_make_request][396] http://localhost:20000 "POST /save HTTP/1.1" 200 3
[DEBUG][2020-02-21 22:53:33,131][connectionpool.py][_new_conn][208] Starting new HTTP connection (1): localhost
[DEBUG][2020-02-21 22:53:33,137][connectionpool.py][_make_request][396] http://localhost:20000 "POST /save HTTP/1.1" 200 3
[DEBUG][2020-02-21 22:53:33,577][connectionpool.py][_new_conn][208] Starting new HTTP connection (1): localhost
[DEBUG][2020-02-21 22:53:33,581][connectionpool.py][_make_request][396] http://localhost:20000 "POST /save HTTP/1.1" 200 3
[DEBUG][2020-02-21 22:53:34,058][connectionpool.py][_new_conn][208] Starting new HTTP connection (1): localhost
[DEBUG][2020-02-21 22:53:34,063][connectionpool.py][_make_request][396] http://localhost:20000 "POST /save HTTP/1.1" 200 3
[DEBUG][2020-02-21 22:53:34,591][connectionpool.py][_new_conn][208] Starting new HTTP connection (1): localhost
[DEBUG][2020-02-21 22:53:34,597][connectionpool.py][_make_request][396] http://localhost:20000 "POST /save HTTP/1.1" 200 3
[DEBUG][2020-02-21 22:53:35,025][connectionpool.py][_new_conn][208] Starting new HTTP connection (1): localhost
[DEBUG][2020-02-21 22:53:35,030][connectionpool.py][_make_request][396] http://localhost:20000 "POST /save HTTP/1.1" 200 3
[DEBUG][2020-02-21 22:53:35,422][connectionpool.py][_new_conn][208] Starting new HTTP connection (1): localhost
[DEBUG][2020-02-21 22:53:35,427][connectionpool.py][_make_request][396] http://localhost:20000 "POST /save HTTP/1.1" 200 3
[DEBUG][2020-02-21 22:53:35,800][connectionpool.py][_new_conn][208] Starting new HTTP connection (1): localhost
[DEBUG][2020-02-21 22:53:35,805][connectionpool.py][_make_request][396] http://localhost:20000 "POST /save HTTP/1.1" 200 3
[DEBUG][2020-02-21 22:53:36,302][connectionpool.py][_new_conn][208] Starting new HTTP connection (1): localhost
[DEBUG][2020-02-21 22:53:36,308][connectionpool.py][_make_request][396] http://localhost:20000 "POST /save HTTP/1.1" 200 3
[DEBUG][2020-02-21 22:53:36,758][connectionpool.py][_new_conn][208] Starting new HTTP connection (1): localhost
[DEBUG][2020-02-21 22:53:36,764][connectionpool.py][_make_request][396] http://localhost:20000 "POST /save HTTP/1.1" 200 3
[DEBUG][2020-02-21 22:53:37,286][connectionpool.py][_new_conn][208] Starting new HTTP connection (1): localhost
[DEBUG][2020-02-21 22:53:37,290][connectionpool.py][_make_request][396] http://localhost:20000 "POST /save HTTP/1.1" 200 3
[DEBUG][2020-02-21 22:53:37,824][connectionpool.py][_new_conn][208] Starting new HTTP connection (1): localhost
[DEBUG][2020-02-21 22:53:37,829][connectionpool.py][_make_request][396] http://localhost:20000 "POST /save HTTP/1.1" 200 3
[DEBUG][2020-02-21 22:53:38,566][connectionpool.py][_new_conn][208] Starting new HTTP connection (1): localhost
[DEBUG][2020-02-21 22:53:38,571][connectionpool.py][_make_request][396] http://localhost:20000 "POST /save HTTP/1.1" 200 3
[DEBUG][2020-02-21 22:53:39,249][connectionpool.py][_new_conn][208] Starting new HTTP connection (1): localhost
[DEBUG][2020-02-21 22:53:39,255][connectionpool.py][_make_request][396] http://localhost:20000 "POST /save HTTP/1.1" 200 3
[DEBUG][2020-02-21 22:53:39,717][connectionpool.py][_new_conn][208] Starting new HTTP connection (1): localhost
[DEBUG][2020-02-21 22:53:39,722][connectionpool.py][_make_request][396] http://localhost:20000 "POST /save HTTP/1.1" 200 3
[DEBUG][2020-02-21 22:53:40,384][connectionpool.py][_new_conn][208] Starting new HTTP connection (1): localhost
[DEBUG][2020-02-21 22:53:40,390][connectionpool.py][_make_request][396] http://localhost:20000 "POST /save HTTP/1.1" 200 3
[DEBUG][2020-02-21 22:53:40,797][connectionpool.py][_new_conn][208] Starting new HTTP connection (1): localhost
[DEBUG][2020-02-21 22:53:40,803][connectionpool.py][_make_request][396] http://localhost:20000 "POST /save HTTP/1.1" 200 3
[DEBUG][2020-02-21 22:53:41,491][connectionpool.py][_new_conn][208] Starting new HTTP connection (1): localhost
[DEBUG][2020-02-21 22:53:41,498][connectionpool.py][_make_request][396] http://localhost:20000 "POST /save HTTP/1.1" 200 3
[DEBUG][2020-02-21 22:53:42,031][connectionpool.py][_new_conn][208] Starting new HTTP connection (1): localhost
[DEBUG][2020-02-21 22:53:42,037][connectionpool.py][_make_request][396] http://localhost:20000 "POST /save HTTP/1.1" 200 3
[DEBUG][2020-02-21 22:53:42,770][connectionpool.py][_new_conn][208] Starting new HTTP connection (1): localhost
[DEBUG][2020-02-21 22:53:42,777][connectionpool.py][_make_request][396] http://localhost:20000 "POST /save HTTP/1.1" 200 3
[DEBUG][2020-02-21 22:53:43,312][connectionpool.py][_new_conn][208] Starting new HTTP connection (1): localhost
[DEBUG][2020-02-21 22:53:43,317][connectionpool.py][_make_request][396] http://localhost:20000 "POST /save HTTP/1.1" 200 3
[DEBUG][2020-02-21 22:53:43,730][connectionpool.py][_new_conn][208] Starting new HTTP connection (1): localhost
[DEBUG][2020-02-21 22:53:43,735][connectionpool.py][_make_request][396] http://localhost:20000 "POST /save HTTP/1.1" 200 3
[DEBUG][2020-02-21 22:53:44,221][connectionpool.py][_new_conn][208] Starting new HTTP connection (1): localhost
[DEBUG][2020-02-21 22:53:44,227][connectionpool.py][_make_request][396] http://localhost:20000 "POST /save HTTP/1.1" 200 3
[DEBUG][2020-02-21 22:53:44,825][connectionpool.py][_new_conn][208] Starting new HTTP connection (1): localhost
[DEBUG][2020-02-21 22:53:44,831][connectionpool.py][_make_request][396] http://localhost:20000 "POST /save HTTP/1.1" 200 3
[DEBUG][2020-02-21 22:53:45,392][connectionpool.py][_new_conn][208] Starting new HTTP connection (1): localhost
[DEBUG][2020-02-21 22:53:45,398][connectionpool.py][_make_request][396] http://localhost:20000 "POST /save HTTP/1.1" 200 3
[DEBUG][2020-02-21 22:53:46,149][connectionpool.py][_new_conn][208] Starting new HTTP connection (1): localhost
[DEBUG][2020-02-21 22:53:46,154][connectionpool.py][_make_request][396] http://localhost:20000 "POST /save HTTP/1.1" 200 3
[DEBUG][2020-02-21 22:53:46,794][connectionpool.py][_new_conn][208] Starting new HTTP connection (1): localhost
[DEBUG][2020-02-21 22:53:46,800][connectionpool.py][_make_request][396] http://localhost:20000 "POST /save HTTP/1.1" 200 3
[DEBUG][2020-02-21 22:53:47,282][connectionpool.py][_new_conn][208] Starting new HTTP connection (1): localhost
[DEBUG][2020-02-21 22:53:47,288][connectionpool.py][_make_request][396] http://localhost:20000 "POST /save HTTP/1.1" 200 3
[DEBUG][2020-02-21 22:53:47,797][connectionpool.py][_new_conn][208] Starting new HTTP connection (1): localhost
[DEBUG][2020-02-21 22:53:47,802][connectionpool.py][_make_request][396] http://localhost:20000 "POST /save HTTP/1.1" 200 3
[DEBUG][2020-02-21 22:53:48,404][connectionpool.py][_new_conn][208] Starting new HTTP connection (1): localhost
[DEBUG][2020-02-21 22:53:48,410][connectionpool.py][_make_request][396] http://localhost:20000 "POST /save HTTP/1.1" 200 3
[DEBUG][2020-02-21 22:53:48,908][connectionpool.py][_new_conn][208] Starting new HTTP connection (1): localhost
[DEBUG][2020-02-21 22:53:48,912][connectionpool.py][_make_request][396] http://localhost:20000 "POST /save HTTP/1.1" 200 3
[DEBUG][2020-02-21 22:53:49,592][connectionpool.py][_new_conn][208] Starting new HTTP connection (1): localhost
[DEBUG][2020-02-21 22:53:49,599][connectionpool.py][_make_request][396] http://localhost:20000 "POST /save HTTP/1.1" 200 3
[DEBUG][2020-02-21 22:53:50,437][connectionpool.py][_new_conn][208] Starting new HTTP connection (1): localhost
[DEBUG][2020-02-21 22:53:50,444][connectionpool.py][_make_request][396] http://localhost:20000 "POST /save HTTP/1.1" 200 3
[DEBUG][2020-02-21 22:53:50,903][connectionpool.py][_new_conn][208] Starting new HTTP connection (1): localhost
[DEBUG][2020-02-21 22:53:50,908][connectionpool.py][_make_request][396] http://localhost:20000 "POST /save HTTP/1.1" 200 3
[DEBUG][2020-02-21 22:53:51,532][connectionpool.py][_new_conn][208] Starting new HTTP connection (1): localhost
[DEBUG][2020-02-21 22:53:51,538][connectionpool.py][_make_request][396] http://localhost:20000 "POST /save HTTP/1.1" 200 3
[DEBUG][2020-02-21 22:53:52,135][connectionpool.py][_new_conn][208] Starting new HTTP connection (1): localhost
[DEBUG][2020-02-21 22:53:52,141][connectionpool.py][_make_request][396] http://localhost:20000 "POST /save HTTP/1.1" 200 3
[DEBUG][2020-02-21 22:53:52,689][connectionpool.py][_new_conn][208] Starting new HTTP connection (1): localhost
[DEBUG][2020-02-21 22:53:52,693][connectionpool.py][_make_request][396] http://localhost:20000 "POST /save HTTP/1.1" 200 3
[DEBUG][2020-02-21 22:53:53,384][connectionpool.py][_new_conn][208] Starting new HTTP connection (1): localhost
[DEBUG][2020-02-21 22:53:53,389][connectionpool.py][_make_request][396] http://localhost:20000 "POST /save HTTP/1.1" 200 3
[DEBUG][2020-02-21 22:53:53,809][connectionpool.py][_new_conn][208] Starting new HTTP connection (1): localhost
[DEBUG][2020-02-21 22:53:53,813][connectionpool.py][_make_request][396] http://localhost:20000 "POST /save HTTP/1.1" 200 3
[DEBUG][2020-02-21 22:53:54,428][connectionpool.py][_new_conn][208] Starting new HTTP connection (1): localhost
[DEBUG][2020-02-21 22:53:54,434][connectionpool.py][_make_request][396] http://localhost:20000 "POST /save HTTP/1.1" 200 3
[DEBUG][2020-02-21 22:53:54,875][connectionpool.py][_new_conn][208] Starting new HTTP connection (1): localhost
[DEBUG][2020-02-21 22:53:54,880][connectionpool.py][_make_request][396] http://localhost:20000 "POST /save HTTP/1.1" 200 3
[DEBUG][2020-02-21 22:53:55,486][connectionpool.py][_new_conn][208] Starting new HTTP connection (1): localhost
[DEBUG][2020-02-21 22:53:55,492][connectionpool.py][_make_request][396] http://localhost:20000 "POST /save HTTP/1.1" 200 3
[DEBUG][2020-02-21 22:53:56,302][connectionpool.py][_new_conn][208] Starting new HTTP connection (1): localhost
[DEBUG][2020-02-21 22:53:56,313][connectionpool.py][_make_request][396] http://localhost:20000 "POST /save HTTP/1.1" 200 3
[DEBUG][2020-02-21 22:53:57,026][connectionpool.py][_new_conn][208] Starting new HTTP connection (1): localhost
[DEBUG][2020-02-21 22:53:57,033][connectionpool.py][_make_request][396] http://localhost:20000 "POST /save HTTP/1.1" 200 3
[DEBUG][2020-02-21 22:53:57,438][connectionpool.py][_new_conn][208] Starting new HTTP connection (1): localhost
[DEBUG][2020-02-21 22:53:57,445][connectionpool.py][_make_request][396] http://localhost:20000 "POST /save HTTP/1.1" 200 3
[DEBUG][2020-02-21 22:53:57,897][connectionpool.py][_new_conn][208] Starting new HTTP connection (1): localhost
[DEBUG][2020-02-21 22:53:57,903][connectionpool.py][_make_request][396] http://localhost:20000 "POST /save HTTP/1.1" 200 3
[DEBUG][2020-02-21 22:53:58,748][connectionpool.py][_new_conn][208] Starting new HTTP connection (1): localhost
[DEBUG][2020-02-21 22:53:58,753][connectionpool.py][_make_request][396] http://localhost:20000 "POST /save HTTP/1.1" 200 3
[DEBUG][2020-02-21 22:53:59,234][connectionpool.py][_new_conn][208] Starting new HTTP connection (1): localhost
[DEBUG][2020-02-21 22:53:59,238][connectionpool.py][_make_request][396] http://localhost:20000 "POST /save HTTP/1.1" 200 3
[DEBUG][2020-02-21 22:53:59,971][connectionpool.py][_new_conn][208] Starting new HTTP connection (1): localhost
[DEBUG][2020-02-21 22:53:59,977][connectionpool.py][_make_request][396] http://localhost:20000 "POST /save HTTP/1.1" 200 3
[DEBUG][2020-02-21 22:54:00,448][connectionpool.py][_new_conn][208] Starting new HTTP connection (1): localhost
[DEBUG][2020-02-21 22:54:00,453][connectionpool.py][_make_request][396] http://localhost:20000 "POST /save HTTP/1.1" 200 3
[DEBUG][2020-02-21 22:54:01,208][connectionpool.py][_new_conn][208] Starting new HTTP connection (1): localhost
[DEBUG][2020-02-21 22:54:01,214][connectionpool.py][_make_request][396] http://localhost:20000 "POST /save HTTP/1.1" 200 3
[DEBUG][2020-02-21 22:54:01,782][connectionpool.py][_new_conn][208] Starting new HTTP connection (1): localhost
[DEBUG][2020-02-21 22:54:01,788][connectionpool.py][_make_request][396] http://localhost:20000 "POST /save HTTP/1.1" 200 3
[DEBUG][2020-02-21 22:54:02,240][connectionpool.py][_new_conn][208] Starting new HTTP connection (1): localhost
[DEBUG][2020-02-21 22:54:02,245][connectionpool.py][_make_request][396] http://localhost:20000 "POST /save HTTP/1.1" 200 3
[DEBUG][2020-02-21 22:54:02,867][connectionpool.py][_new_conn][208] Starting new HTTP connection (1): localhost
[DEBUG][2020-02-21 22:54:02,873][connectionpool.py][_make_request][396] http://localhost:20000 "POST /save HTTP/1.1" 200 3
[DEBUG][2020-02-21 22:54:03,322][connectionpool.py][_new_conn][208] Starting new HTTP connection (1): localhost
[DEBUG][2020-02-21 22:54:03,326][connectionpool.py][_make_request][396] http://localhost:20000 "POST /save HTTP/1.1" 200 3
[DEBUG][2020-02-21 22:54:03,764][connectionpool.py][_new_conn][208] Starting new HTTP connection (1): localhost
[DEBUG][2020-02-21 22:54:03,768][connectionpool.py][_make_request][396] http://localhost:20000 "POST /save HTTP/1.1" 200 3
[DEBUG][2020-02-21 22:54:04,232][connectionpool.py][_new_conn][208] Starting new HTTP connection (1): localhost
[DEBUG][2020-02-21 22:54:04,237][connectionpool.py][_make_request][396] http://localhost:20000 "POST /save HTTP/1.1" 200 3
[DEBUG][2020-02-21 22:54:05,028][connectionpool.py][_new_conn][208] Starting new HTTP connection (1): localhost
[DEBUG][2020-02-21 22:54:05,035][connectionpool.py][_make_request][396] http://localhost:20000 "POST /save HTTP/1.1" 200 3
[DEBUG][2020-02-21 22:54:05,786][connectionpool.py][_new_conn][208] Starting new HTTP connection (1): localhost
[DEBUG][2020-02-21 22:54:05,794][connectionpool.py][_make_request][396] http://localhost:20000 "POST /save HTTP/1.1" 200 3
[DEBUG][2020-02-21 22:54:06,435][connectionpool.py][_new_conn][208] Starting new HTTP connection (1): localhost
[DEBUG][2020-02-21 22:54:06,442][connectionpool.py][_make_request][396] http://localhost:20000 "POST /save HTTP/1.1" 200 3
[DEBUG][2020-02-21 22:54:07,058][connectionpool.py][_new_conn][208] Starting new HTTP connection (1): localhost
[DEBUG][2020-02-21 22:54:07,064][connectionpool.py][_make_request][396] http://localhost:20000 "POST /save HTTP/1.1" 200 3
[DEBUG][2020-02-21 22:54:07,684][connectionpool.py][_new_conn][208] Starting new HTTP connection (1): localhost
[DEBUG][2020-02-21 22:54:07,691][connectionpool.py][_make_request][396] http://localhost:20000 "POST /save HTTP/1.1" 200 3
[DEBUG][2020-02-21 22:54:08,149][connectionpool.py][_new_conn][208] Starting new HTTP connection (1): localhost
[DEBUG][2020-02-21 22:54:08,155][connectionpool.py][_make_request][396] http://localhost:20000 "POST /save HTTP/1.1" 200 3
[DEBUG][2020-02-21 22:54:08,913][connectionpool.py][_new_conn][208] Starting new HTTP connection (1): localhost
[DEBUG][2020-02-21 22:54:08,918][connectionpool.py][_make_request][396] http://localhost:20000 "POST /save HTTP/1.1" 200 3
[DEBUG][2020-02-21 22:54:09,374][connectionpool.py][_new_conn][208] Starting new HTTP connection (1): localhost
[DEBUG][2020-02-21 22:54:09,378][connectionpool.py][_make_request][396] http://localhost:20000 "POST /save HTTP/1.1" 200 3
[DEBUG][2020-02-21 22:54:09,779][connectionpool.py][_new_conn][208] Starting new HTTP connection (1): localhost
[DEBUG][2020-02-21 22:54:09,784][connectionpool.py][_make_request][396] http://localhost:20000 "POST /save HTTP/1.1" 200 3
[DEBUG][2020-02-21 22:54:10,407][connectionpool.py][_new_conn][208] Starting new HTTP connection (1): localhost
[DEBUG][2020-02-21 22:54:10,413][connectionpool.py][_make_request][396] http://localhost:20000 "POST /save HTTP/1.1" 200 3
[DEBUG][2020-02-21 22:54:10,842][connectionpool.py][_new_conn][208] Starting new HTTP connection (1): localhost
[DEBUG][2020-02-21 22:54:10,847][connectionpool.py][_make_request][396] http://localhost:20000 "POST /save HTTP/1.1" 200 3
[DEBUG][2020-02-21 22:54:11,424][connectionpool.py][_new_conn][208] Starting new HTTP connection (1): localhost
[DEBUG][2020-02-21 22:54:11,428][connectionpool.py][_make_request][396] http://localhost:20000 "POST /save HTTP/1.1" 200 3
[DEBUG][2020-02-21 22:54:11,962][connectionpool.py][_new_conn][208] Starting new HTTP connection (1): localhost
[DEBUG][2020-02-21 22:54:11,966][connectionpool.py][_make_request][396] http://localhost:20000 "POST /save HTTP/1.1" 200 3
[DEBUG][2020-02-21 22:54:12,356][connectionpool.py][_new_conn][208] Starting new HTTP connection (1): localhost
[DEBUG][2020-02-21 22:54:12,361][connectionpool.py][_make_request][396] http://localhost:20000 "POST /save HTTP/1.1" 200 3
[DEBUG][2020-02-21 22:54:12,856][connectionpool.py][_new_conn][208] Starting new HTTP connection (1): localhost
[DEBUG][2020-02-21 22:54:12,861][connectionpool.py][_make_request][396] http://localhost:20000 "POST /save HTTP/1.1" 200 3
[DEBUG][2020-02-21 22:54:13,286][connectionpool.py][_new_conn][208] Starting new HTTP connection (1): localhost
[DEBUG][2020-02-21 22:54:13,291][connectionpool.py][_make_request][396] http://localhost:20000 "POST /save HTTP/1.1" 200 3
[DEBUG][2020-02-21 22:54:13,851][connectionpool.py][_new_conn][208] Starting new HTTP connection (1): localhost
[DEBUG][2020-02-21 22:54:13,857][connectionpool.py][_make_request][396] http://localhost:20000 "POST /save HTTP/1.1" 200 3
[DEBUG][2020-02-21 22:54:14,611][connectionpool.py][_new_conn][208] Starting new HTTP connection (1): localhost
[DEBUG][2020-02-21 22:54:14,616][connectionpool.py][_make_request][396] http://localhost:20000 "POST /save HTTP/1.1" 200 3
[DEBUG][2020-02-21 22:54:15,076][connectionpool.py][_new_conn][208] Starting new HTTP connection (1): localhost
[DEBUG][2020-02-21 22:54:15,082][connectionpool.py][_make_request][396] http://localhost:20000 "POST /save HTTP/1.1" 200 3
[DEBUG][2020-02-21 22:54:15,855][connectionpool.py][_new_conn][208] Starting new HTTP connection (1): localhost
[DEBUG][2020-02-21 22:54:15,862][connectionpool.py][_make_request][396] http://localhost:20000 "POST /save HTTP/1.1" 200 3
[DEBUG][2020-02-21 22:54:16,378][connectionpool.py][_new_conn][208] Starting new HTTP connection (1): localhost
[DEBUG][2020-02-21 22:54:16,383][connectionpool.py][_make_request][396] http://localhost:20000 "POST /save HTTP/1.1" 200 3
[DEBUG][2020-02-21 22:54:17,111][connectionpool.py][_new_conn][208] Starting new HTTP connection (1): localhost
[DEBUG][2020-02-21 22:54:17,115][connectionpool.py][_make_request][396] http://localhost:20000 "POST /save HTTP/1.1" 200 3
[DEBUG][2020-02-21 22:54:17,865][connectionpool.py][_new_conn][208] Starting new HTTP connection (1): localhost
[DEBUG][2020-02-21 22:54:17,870][connectionpool.py][_make_request][396] http://localhost:20000 "POST /save HTTP/1.1" 200 3
[DEBUG][2020-02-21 22:54:18,566][connectionpool.py][_new_conn][208] Starting new HTTP connection (1): localhost
[DEBUG][2020-02-21 22:54:18,571][connectionpool.py][_make_request][396] http://localhost:20000 "POST /save HTTP/1.1" 200 3
[DEBUG][2020-02-21 22:54:19,138][connectionpool.py][_new_conn][208] Starting new HTTP connection (1): localhost
[DEBUG][2020-02-21 22:54:19,144][connectionpool.py][_make_request][396] http://localhost:20000 "POST /save HTTP/1.1" 200 3
[DEBUG][2020-02-21 22:54:19,693][connectionpool.py][_new_conn][208] Starting new HTTP connection (1): localhost
[DEBUG][2020-02-21 22:54:19,699][connectionpool.py][_make_request][396] http://localhost:20000 "POST /save HTTP/1.1" 200 3
[DEBUG][2020-02-21 22:54:20,354][connectionpool.py][_new_conn][208] Starting new HTTP connection (1): localhost
[DEBUG][2020-02-21 22:54:20,361][connectionpool.py][_make_request][396] http://localhost:20000 "POST /save HTTP/1.1" 200 3
[DEBUG][2020-02-21 22:54:20,790][connectionpool.py][_new_conn][208] Starting new HTTP connection (1): localhost
[DEBUG][2020-02-21 22:54:20,795][connectionpool.py][_make_request][396] http://localhost:20000 "POST /save HTTP/1.1" 200 3
[DEBUG][2020-02-21 22:54:21,467][connectionpool.py][_new_conn][208] Starting new HTTP connection (1): localhost
[DEBUG][2020-02-21 22:54:21,474][connectionpool.py][_make_request][396] http://localhost:20000 "POST /save HTTP/1.1" 200 3
[DEBUG][2020-02-21 22:54:21,930][connectionpool.py][_new_conn][208] Starting new HTTP connection (1): localhost
[DEBUG][2020-02-21 22:54:21,935][connectionpool.py][_make_request][396] http://localhost:20000 "POST /save HTTP/1.1" 200 3
[DEBUG][2020-02-21 22:54:23,021][connectionpool.py][_new_conn][208] Starting new HTTP connection (1): localhost
[DEBUG][2020-02-21 22:54:23,029][connectionpool.py][_make_request][396] http://localhost:20000 "POST /save HTTP/1.1" 200 3
[DEBUG][2020-02-21 22:54:23,798][connectionpool.py][_new_conn][208] Starting new HTTP connection (1): localhost
[DEBUG][2020-02-21 22:54:23,804][connectionpool.py][_make_request][396] http://localhost:20000 "POST /save HTTP/1.1" 200 3
[DEBUG][2020-02-21 22:54:24,456][connectionpool.py][_new_conn][208] Starting new HTTP connection (1): localhost
[DEBUG][2020-02-21 22:54:24,462][connectionpool.py][_make_request][396] http://localhost:20000 "POST /save HTTP/1.1" 200 3
[DEBUG][2020-02-21 22:54:25,277][connectionpool.py][_new_conn][208] Starting new HTTP connection (1): localhost
[DEBUG][2020-02-21 22:54:25,282][connectionpool.py][_make_request][396] http://localhost:20000 "POST /save HTTP/1.1" 200 3
[DEBUG][2020-02-21 22:54:26,018][connectionpool.py][_new_conn][208] Starting new HTTP connection (1): localhost
[DEBUG][2020-02-21 22:54:26,024][connectionpool.py][_make_request][396] http://localhost:20000 "POST /save HTTP/1.1" 200 3
[DEBUG][2020-02-21 22:54:26,685][connectionpool.py][_new_conn][208] Starting new HTTP connection (1): localhost
[DEBUG][2020-02-21 22:54:26,689][connectionpool.py][_make_request][396] http://localhost:20000 "POST /save HTTP/1.1" 200 3
[DEBUG][2020-02-21 22:54:27,427][connectionpool.py][_new_conn][208] Starting new HTTP connection (1): localhost
[DEBUG][2020-02-21 22:54:27,436][connectionpool.py][_make_request][396] http://localhost:20000 "POST /save HTTP/1.1" 200 3
[DEBUG][2020-02-21 22:54:29,411][connectionpool.py][_new_conn][208] Starting new HTTP connection (1): localhost
[DEBUG][2020-02-21 22:54:29,423][connectionpool.py][_make_request][396] http://localhost:20000 "POST /save HTTP/1.1" 200 3
[DEBUG][2020-02-21 22:54:30,013][connectionpool.py][_new_conn][208] Starting new HTTP connection (1): localhost
[DEBUG][2020-02-21 22:54:30,018][connectionpool.py][_make_request][396] http://localhost:20000 "POST /save HTTP/1.1" 200 3
[DEBUG][2020-02-21 22:54:30,569][connectionpool.py][_new_conn][208] Starting new HTTP connection (1): localhost
[DEBUG][2020-02-21 22:54:30,573][connectionpool.py][_make_request][396] http://localhost:20000 "POST /save HTTP/1.1" 200 3
[DEBUG][2020-02-21 22:54:31,192][connectionpool.py][_new_conn][208] Starting new HTTP connection (1): localhost
[DEBUG][2020-02-21 22:54:31,198][connectionpool.py][_make_request][396] http://localhost:20000 "POST /save HTTP/1.1" 200 3
[DEBUG][2020-02-21 22:54:31,735][connectionpool.py][_new_conn][208] Starting new HTTP connection (1): localhost
[DEBUG][2020-02-21 22:54:31,741][connectionpool.py][_make_request][396] http://localhost:20000 "POST /save HTTP/1.1" 200 3
[DEBUG][2020-02-21 22:54:32,461][connectionpool.py][_new_conn][208] Starting new HTTP connection (1): localhost
[DEBUG][2020-02-21 22:54:32,466][connectionpool.py][_make_request][396] http://localhost:20000 "POST /save HTTP/1.1" 200 3
[DEBUG][2020-02-21 22:54:33,306][connectionpool.py][_new_conn][208] Starting new HTTP connection (1): localhost
[DEBUG][2020-02-21 22:54:33,310][connectionpool.py][_make_request][396] http://localhost:20000 "POST /save HTTP/1.1" 200 3
[DEBUG][2020-02-21 22:54:33,767][connectionpool.py][_new_conn][208] Starting new HTTP connection (1): localhost
[DEBUG][2020-02-21 22:54:33,771][connectionpool.py][_make_request][396] http://localhost:20000 "POST /save HTTP/1.1" 200 3
[DEBUG][2020-02-21 22:54:34,229][connectionpool.py][_new_conn][208] Starting new HTTP connection (1): localhost
[DEBUG][2020-02-21 22:54:34,233][connectionpool.py][_make_request][396] http://localhost:20000 "POST /save HTTP/1.1" 200 3
[DEBUG][2020-02-21 22:54:34,804][connectionpool.py][_new_conn][208] Starting new HTTP connection (1): localhost
[DEBUG][2020-02-21 22:54:34,808][connectionpool.py][_make_request][396] http://localhost:20000 "POST /save HTTP/1.1" 200 3
[DEBUG][2020-02-21 22:54:35,487][connectionpool.py][_new_conn][208] Starting new HTTP connection (1): localhost
[DEBUG][2020-02-21 22:54:35,493][connectionpool.py][_make_request][396] http://localhost:20000 "POST /save HTTP/1.1" 200 3
[DEBUG][2020-02-21 22:54:36,001][connectionpool.py][_new_conn][208] Starting new HTTP connection (1): localhost
[DEBUG][2020-02-21 22:54:36,007][connectionpool.py][_make_request][396] http://localhost:20000 "POST /save HTTP/1.1" 200 3
[DEBUG][2020-02-21 22:54:36,418][connectionpool.py][_new_conn][208] Starting new HTTP connection (1): localhost
[DEBUG][2020-02-21 22:54:36,423][connectionpool.py][_make_request][396] http://localhost:20000 "POST /save HTTP/1.1" 200 3
[DEBUG][2020-02-21 22:54:36,763][connectionpool.py][_new_conn][208] Starting new HTTP connection (1): localhost
[DEBUG][2020-02-21 22:54:36,767][connectionpool.py][_make_request][396] http://localhost:20000 "POST /save HTTP/1.1" 200 3
[DEBUG][2020-02-21 22:54:37,182][connectionpool.py][_new_conn][208] Starting new HTTP connection (1): localhost
[DEBUG][2020-02-21 22:54:37,186][connectionpool.py][_make_request][396] http://localhost:20000 "POST /save HTTP/1.1" 200 3
[DEBUG][2020-02-21 22:54:37,558][connectionpool.py][_new_conn][208] Starting new HTTP connection (1): localhost
[DEBUG][2020-02-21 22:54:37,562][connectionpool.py][_make_request][396] http://localhost:20000 "POST /save HTTP/1.1" 200 3
[DEBUG][2020-02-21 22:54:38,234][connectionpool.py][_new_conn][208] Starting new HTTP connection (1): localhost
[DEBUG][2020-02-21 22:54:38,239][connectionpool.py][_make_request][396] http://localhost:20000 "POST /save HTTP/1.1" 200 3
[DEBUG][2020-02-21 22:54:38,937][connectionpool.py][_new_conn][208] Starting new HTTP connection (1): localhost
[DEBUG][2020-02-21 22:54:38,942][connectionpool.py][_make_request][396] http://localhost:20000 "POST /save HTTP/1.1" 200 3
[DEBUG][2020-02-21 22:54:39,586][connectionpool.py][_new_conn][208] Starting new HTTP connection (1): localhost
[DEBUG][2020-02-21 22:54:39,592][connectionpool.py][_make_request][396] http://localhost:20000 "POST /save HTTP/1.1" 200 3
[DEBUG][2020-02-21 22:54:40,205][connectionpool.py][_new_conn][208] Starting new HTTP connection (1): localhost
[DEBUG][2020-02-21 22:54:40,212][connectionpool.py][_make_request][396] http://localhost:20000 "POST /save HTTP/1.1" 200 3
[DEBUG][2020-02-21 22:54:40,990][connectionpool.py][_new_conn][208] Starting new HTTP connection (1): localhost
[DEBUG][2020-02-21 22:54:40,997][connectionpool.py][_make_request][396] http://localhost:20000 "POST /save HTTP/1.1" 200 3
[DEBUG][2020-02-21 22:54:41,476][connectionpool.py][_new_conn][208] Starting new HTTP connection (1): localhost
[DEBUG][2020-02-21 22:54:41,482][connectionpool.py][_make_request][396] http://localhost:20000 "POST /save HTTP/1.1" 200 3
[DEBUG][2020-02-21 22:54:41,865][connectionpool.py][_new_conn][208] Starting new HTTP connection (1): localhost
[DEBUG][2020-02-21 22:54:41,870][connectionpool.py][_make_request][396] http://localhost:20000 "POST /save HTTP/1.1" 200 3
[DEBUG][2020-02-21 22:54:42,331][connectionpool.py][_new_conn][208] Starting new HTTP connection (1): localhost
[DEBUG][2020-02-21 22:54:42,337][connectionpool.py][_make_request][396] http://localhost:20000 "POST /save HTTP/1.1" 200 3
[DEBUG][2020-02-21 22:54:42,868][connectionpool.py][_new_conn][208] Starting new HTTP connection (1): localhost
[DEBUG][2020-02-21 22:54:42,874][connectionpool.py][_make_request][396] http://localhost:20000 "POST /save HTTP/1.1" 200 3
[DEBUG][2020-02-21 22:54:43,367][connectionpool.py][_new_conn][208] Starting new HTTP connection (1): localhost
[DEBUG][2020-02-21 22:54:43,373][connectionpool.py][_make_request][396] http://localhost:20000 "POST /save HTTP/1.1" 200 3
[DEBUG][2020-02-21 22:54:43,887][connectionpool.py][_new_conn][208] Starting new HTTP connection (1): localhost
[DEBUG][2020-02-21 22:54:43,893][connectionpool.py][_make_request][396] http://localhost:20000 "POST /save HTTP/1.1" 200 3
[DEBUG][2020-02-21 22:54:44,341][connectionpool.py][_new_conn][208] Starting new HTTP connection (1): localhost
[DEBUG][2020-02-21 22:54:44,346][connectionpool.py][_make_request][396] http://localhost:20000 "POST /save HTTP/1.1" 200 3
[DEBUG][2020-02-21 22:54:44,767][connectionpool.py][_new_conn][208] Starting new HTTP connection (1): localhost
[DEBUG][2020-02-21 22:54:44,773][connectionpool.py][_make_request][396] http://localhost:20000 "POST /save HTTP/1.1" 200 3
[DEBUG][2020-02-21 22:54:45,349][connectionpool.py][_new_conn][208] Starting new HTTP connection (1): localhost
[DEBUG][2020-02-21 22:54:45,355][connectionpool.py][_make_request][396] http://localhost:20000 "POST /save HTTP/1.1" 200 3
[DEBUG][2020-02-21 22:54:45,941][connectionpool.py][_new_conn][208] Starting new HTTP connection (1): localhost
[DEBUG][2020-02-21 22:54:45,947][connectionpool.py][_make_request][396] http://localhost:20000 "POST /save HTTP/1.1" 200 3
[DEBUG][2020-02-21 22:54:46,509][connectionpool.py][_new_conn][208] Starting new HTTP connection (1): localhost
[DEBUG][2020-02-21 22:54:46,514][connectionpool.py][_make_request][396] http://localhost:20000 "POST /save HTTP/1.1" 200 3
[DEBUG][2020-02-21 22:54:47,090][connectionpool.py][_new_conn][208] Starting new HTTP connection (1): localhost
[DEBUG][2020-02-21 22:54:47,097][connectionpool.py][_make_request][396] http://localhost:20000 "POST /save HTTP/1.1" 200 3
[DEBUG][2020-02-21 22:54:47,868][connectionpool.py][_new_conn][208] Starting new HTTP connection (1): localhost
[DEBUG][2020-02-21 22:54:47,873][connectionpool.py][_make_request][396] http://localhost:20000 "POST /save HTTP/1.1" 200 3
[DEBUG][2020-02-21 22:54:48,512][connectionpool.py][_new_conn][208] Starting new HTTP connection (1): localhost
[DEBUG][2020-02-21 22:54:48,516][connectionpool.py][_make_request][396] http://localhost:20000 "POST /save HTTP/1.1" 200 3
[DEBUG][2020-02-21 22:54:49,096][connectionpool.py][_new_conn][208] Starting new HTTP connection (1): localhost
[DEBUG][2020-02-21 22:54:49,103][connectionpool.py][_make_request][396] http://localhost:20000 "POST /save HTTP/1.1" 200 3
[DEBUG][2020-02-21 22:54:49,657][connectionpool.py][_new_conn][208] Starting new HTTP connection (1): localhost
[DEBUG][2020-02-21 22:54:49,663][connectionpool.py][_make_request][396] http://localhost:20000 "POST /save HTTP/1.1" 200 3
[DEBUG][2020-02-21 22:54:50,352][connectionpool.py][_new_conn][208] Starting new HTTP connection (1): localhost
[DEBUG][2020-02-21 22:54:50,359][connectionpool.py][_make_request][396] http://localhost:20000 "POST /save HTTP/1.1" 200 3
[DEBUG][2020-02-21 22:54:50,952][connectionpool.py][_new_conn][208] Starting new HTTP connection (1): localhost
[DEBUG][2020-02-21 22:54:50,958][connectionpool.py][_make_request][396] http://localhost:20000 "POST /save HTTP/1.1" 200 3
[DEBUG][2020-02-21 22:54:51,628][connectionpool.py][_new_conn][208] Starting new HTTP connection (1): localhost
[DEBUG][2020-02-21 22:54:51,634][connectionpool.py][_make_request][396] http://localhost:20000 "POST /save HTTP/1.1" 200 3
[DEBUG][2020-02-21 22:54:52,342][connectionpool.py][_new_conn][208] Starting new HTTP connection (1): localhost
[DEBUG][2020-02-21 22:54:52,350][connectionpool.py][_make_request][396] http://localhost:20000 "POST /save HTTP/1.1" 200 3
[DEBUG][2020-02-21 22:54:52,793][connectionpool.py][_new_conn][208] Starting new HTTP connection (1): localhost
[DEBUG][2020-02-21 22:54:52,798][connectionpool.py][_make_request][396] http://localhost:20000 "POST /save HTTP/1.1" 200 3
[DEBUG][2020-02-21 22:54:53,316][connectionpool.py][_new_conn][208] Starting new HTTP connection (1): localhost
[DEBUG][2020-02-21 22:54:53,323][connectionpool.py][_make_request][396] http://localhost:20000 "POST /save HTTP/1.1" 200 3
[DEBUG][2020-02-21 22:54:53,855][connectionpool.py][_new_conn][208] Starting new HTTP connection (1): localhost
[DEBUG][2020-02-21 22:54:53,861][connectionpool.py][_make_request][396] http://localhost:20000 "POST /save HTTP/1.1" 200 3
[DEBUG][2020-02-21 22:54:54,513][connectionpool.py][_new_conn][208] Starting new HTTP connection (1): localhost
[DEBUG][2020-02-21 22:54:54,518][connectionpool.py][_make_request][396] http://localhost:20000 "POST /save HTTP/1.1" 200 3
[DEBUG][2020-02-21 22:54:55,158][connectionpool.py][_new_conn][208] Starting new HTTP connection (1): localhost
[DEBUG][2020-02-21 22:54:55,164][connectionpool.py][_make_request][396] http://localhost:20000 "POST /save HTTP/1.1" 200 3
[DEBUG][2020-02-21 22:54:56,433][connectionpool.py][_new_conn][208] Starting new HTTP connection (1): localhost
[DEBUG][2020-02-21 22:54:56,443][connectionpool.py][_make_request][396] http://localhost:20000 "POST /save HTTP/1.1" 200 3
[DEBUG][2020-02-21 22:54:57,507][connectionpool.py][_new_conn][208] Starting new HTTP connection (1): localhost
[DEBUG][2020-02-21 22:54:57,516][connectionpool.py][_make_request][396] http://localhost:20000 "POST /save HTTP/1.1" 200 3
[DEBUG][2020-02-21 22:54:58,292][connectionpool.py][_new_conn][208] Starting new HTTP connection (1): localhost
[DEBUG][2020-02-21 22:54:58,297][connectionpool.py][_make_request][396] http://localhost:20000 "POST /save HTTP/1.1" 200 3
[DEBUG][2020-02-21 22:54:59,099][connectionpool.py][_new_conn][208] Starting new HTTP connection (1): localhost
[DEBUG][2020-02-21 22:54:59,106][connectionpool.py][_make_request][396] http://localhost:20000 "POST /save HTTP/1.1" 200 3
[DEBUG][2020-02-21 22:54:59,647][connectionpool.py][_new_conn][208] Starting new HTTP connection (1): localhost
[DEBUG][2020-02-21 22:54:59,653][connectionpool.py][_make_request][396] http://localhost:20000 "POST /save HTTP/1.1" 200 3
[DEBUG][2020-02-21 22:55:00,271][connectionpool.py][_new_conn][208] Starting new HTTP connection (1): localhost
[DEBUG][2020-02-21 22:55:00,276][connectionpool.py][_make_request][396] http://localhost:20000 "POST /save HTTP/1.1" 200 3
[DEBUG][2020-02-21 22:55:00,764][connectionpool.py][_new_conn][208] Starting new HTTP connection (1): localhost
[DEBUG][2020-02-21 22:55:00,768][connectionpool.py][_make_request][396] http://localhost:20000 "POST /save HTTP/1.1" 200 3
[DEBUG][2020-02-21 22:55:01,262][connectionpool.py][_new_conn][208] Starting new HTTP connection (1): localhost
[DEBUG][2020-02-21 22:55:01,268][connectionpool.py][_make_request][396] http://localhost:20000 "POST /save HTTP/1.1" 200 3
[DEBUG][2020-02-21 22:55:02,064][connectionpool.py][_new_conn][208] Starting new HTTP connection (1): localhost
[DEBUG][2020-02-21 22:55:02,071][connectionpool.py][_make_request][396] http://localhost:20000 "POST /save HTTP/1.1" 200 3
[DEBUG][2020-02-21 22:55:02,652][connectionpool.py][_new_conn][208] Starting new HTTP connection (1): localhost
[DEBUG][2020-02-21 22:55:02,658][connectionpool.py][_make_request][396] http://localhost:20000 "POST /save HTTP/1.1" 200 3
[DEBUG][2020-02-21 22:55:03,047][connectionpool.py][_new_conn][208] Starting new HTTP connection (1): localhost
[DEBUG][2020-02-21 22:55:03,052][connectionpool.py][_make_request][396] http://localhost:20000 "POST /save HTTP/1.1" 200 3
[DEBUG][2020-02-21 22:55:03,498][connectionpool.py][_new_conn][208] Starting new HTTP connection (1): localhost
[DEBUG][2020-02-21 22:55:03,502][connectionpool.py][_make_request][396] http://localhost:20000 "POST /save HTTP/1.1" 200 3
[DEBUG][2020-02-21 22:55:04,059][connectionpool.py][_new_conn][208] Starting new HTTP connection (1): localhost
[DEBUG][2020-02-21 22:55:04,064][connectionpool.py][_make_request][396] http://localhost:20000 "POST /save HTTP/1.1" 200 3
[DEBUG][2020-02-21 22:55:04,788][connectionpool.py][_new_conn][208] Starting new HTTP connection (1): localhost
[DEBUG][2020-02-21 22:55:04,797][connectionpool.py][_make_request][396] http://localhost:20000 "POST /save HTTP/1.1" 200 3
[DEBUG][2020-02-21 22:55:05,238][connectionpool.py][_new_conn][208] Starting new HTTP connection (1): localhost
[DEBUG][2020-02-21 22:55:05,244][connectionpool.py][_make_request][396] http://localhost:20000 "POST /save HTTP/1.1" 200 3
[DEBUG][2020-02-21 22:55:05,767][connectionpool.py][_new_conn][208] Starting new HTTP connection (1): localhost
[DEBUG][2020-02-21 22:55:05,771][connectionpool.py][_make_request][396] http://localhost:20000 "POST /save HTTP/1.1" 200 3
[DEBUG][2020-02-21 22:55:06,293][connectionpool.py][_new_conn][208] Starting new HTTP connection (1): localhost
[DEBUG][2020-02-21 22:55:06,297][connectionpool.py][_make_request][396] http://localhost:20000 "POST /save HTTP/1.1" 200 3
[DEBUG][2020-02-21 22:55:08,265][connectionpool.py][_new_conn][208] Starting new HTTP connection (1): localhost
[DEBUG][2020-02-21 22:55:08,284][connectionpool.py][_make_request][396] http://localhost:20000 "POST /save HTTP/1.1" 200 3
[DEBUG][2020-02-21 22:55:09,720][connectionpool.py][_new_conn][208] Starting new HTTP connection (1): localhost
[DEBUG][2020-02-21 22:55:09,729][connectionpool.py][_make_request][396] http://localhost:20000 "POST /save HTTP/1.1" 200 3
[DEBUG][2020-02-21 22:55:10,820][connectionpool.py][_new_conn][208] Starting new HTTP connection (1): localhost
[DEBUG][2020-02-21 22:55:10,825][connectionpool.py][_make_request][396] http://localhost:20000 "POST /save HTTP/1.1" 200 3
[DEBUG][2020-02-21 22:55:11,402][connectionpool.py][_new_conn][208] Starting new HTTP connection (1): localhost
[DEBUG][2020-02-21 22:55:11,407][connectionpool.py][_make_request][396] http://localhost:20000 "POST /save HTTP/1.1" 200 3
[DEBUG][2020-02-21 22:55:11,903][connectionpool.py][_new_conn][208] Starting new HTTP connection (1): localhost
[DEBUG][2020-02-21 22:55:11,909][connectionpool.py][_make_request][396] http://localhost:20000 "POST /save HTTP/1.1" 200 3
[DEBUG][2020-02-21 22:55:12,328][connectionpool.py][_new_conn][208] Starting new HTTP connection (1): localhost
[DEBUG][2020-02-21 22:55:12,333][connectionpool.py][_make_request][396] http://localhost:20000 "POST /save HTTP/1.1" 200 3
[DEBUG][2020-02-21 22:55:12,937][connectionpool.py][_new_conn][208] Starting new HTTP connection (1): localhost
[DEBUG][2020-02-21 22:55:12,944][connectionpool.py][_make_request][396] http://localhost:20000 "POST /save HTTP/1.1" 200 3
[DEBUG][2020-02-21 22:55:13,379][connectionpool.py][_new_conn][208] Starting new HTTP connection (1): localhost
[DEBUG][2020-02-21 22:55:13,384][connectionpool.py][_make_request][396] http://localhost:20000 "POST /save HTTP/1.1" 200 3
[DEBUG][2020-02-21 22:55:13,858][connectionpool.py][_new_conn][208] Starting new HTTP connection (1): localhost
[DEBUG][2020-02-21 22:55:13,863][connectionpool.py][_make_request][396] http://localhost:20000 "POST /save HTTP/1.1" 200 3
[DEBUG][2020-02-21 22:55:14,326][connectionpool.py][_new_conn][208] Starting new HTTP connection (1): localhost
[DEBUG][2020-02-21 22:55:14,331][connectionpool.py][_make_request][396] http://localhost:20000 "POST /save HTTP/1.1" 200 3
[DEBUG][2020-02-21 22:55:14,848][connectionpool.py][_new_conn][208] Starting new HTTP connection (1): localhost
[DEBUG][2020-02-21 22:55:14,854][connectionpool.py][_make_request][396] http://localhost:20000 "POST /save HTTP/1.1" 200 3
[DEBUG][2020-02-21 22:55:15,254][connectionpool.py][_new_conn][208] Starting new HTTP connection (1): localhost
[DEBUG][2020-02-21 22:55:15,258][connectionpool.py][_make_request][396] http://localhost:20000 "POST /save HTTP/1.1" 200 3
[DEBUG][2020-02-21 22:55:15,812][connectionpool.py][_new_conn][208] Starting new HTTP connection (1): localhost
[DEBUG][2020-02-21 22:55:15,817][connectionpool.py][_make_request][396] http://localhost:20000 "POST /save HTTP/1.1" 200 3
[DEBUG][2020-02-21 22:55:16,397][connectionpool.py][_new_conn][208] Starting new HTTP connection (1): localhost
[DEBUG][2020-02-21 22:55:16,402][connectionpool.py][_make_request][396] http://localhost:20000 "POST /save HTTP/1.1" 200 3
[DEBUG][2020-02-21 22:55:16,988][connectionpool.py][_new_conn][208] Starting new HTTP connection (1): localhost
[DEBUG][2020-02-21 22:55:16,994][connectionpool.py][_make_request][396] http://localhost:20000 "POST /save HTTP/1.1" 200 3
[DEBUG][2020-02-21 22:55:17,677][connectionpool.py][_new_conn][208] Starting new HTTP connection (1): localhost
[DEBUG][2020-02-21 22:55:17,684][connectionpool.py][_make_request][396] http://localhost:20000 "POST /save HTTP/1.1" 200 3
[DEBUG][2020-02-21 22:55:18,166][connectionpool.py][_new_conn][208] Starting new HTTP connection (1): localhost
[DEBUG][2020-02-21 22:55:18,170][connectionpool.py][_make_request][396] http://localhost:20000 "POST /save HTTP/1.1" 200 3
[DEBUG][2020-02-21 22:55:21,243][connectionpool.py][_new_conn][208] Starting new HTTP connection (1): localhost
[DEBUG][2020-02-21 22:55:21,260][connectionpool.py][_make_request][396] http://localhost:20000 "POST /save HTTP/1.1" 200 3
[DEBUG][2020-02-21 22:55:21,725][connectionpool.py][_new_conn][208] Starting new HTTP connection (1): localhost
[DEBUG][2020-02-21 22:55:21,730][connectionpool.py][_make_request][396] http://localhost:20000 "POST /save HTTP/1.1" 200 3
[DEBUG][2020-02-21 22:55:22,100][connectionpool.py][_new_conn][208] Starting new HTTP connection (1): localhost
[DEBUG][2020-02-21 22:55:22,104][connectionpool.py][_make_request][396] http://localhost:20000 "POST /save HTTP/1.1" 200 3
[DEBUG][2020-02-21 22:55:22,543][connectionpool.py][_new_conn][208] Starting new HTTP connection (1): localhost
[DEBUG][2020-02-21 22:55:22,547][connectionpool.py][_make_request][396] http://localhost:20000 "POST /save HTTP/1.1" 200 3
[DEBUG][2020-02-21 22:55:23,155][connectionpool.py][_new_conn][208] Starting new HTTP connection (1): localhost
[DEBUG][2020-02-21 22:55:23,162][connectionpool.py][_make_request][396] http://localhost:20000 "POST /save HTTP/1.1" 200 3
[DEBUG][2020-02-21 22:55:23,792][connectionpool.py][_new_conn][208] Starting new HTTP connection (1): localhost
[DEBUG][2020-02-21 22:55:23,797][connectionpool.py][_make_request][396] http://localhost:20000 "POST /save HTTP/1.1" 200 3
[DEBUG][2020-02-21 22:55:24,475][connectionpool.py][_new_conn][208] Starting new HTTP connection (1): localhost
[DEBUG][2020-02-21 22:55:24,482][connectionpool.py][_make_request][396] http://localhost:20000 "POST /save HTTP/1.1" 200 3
[DEBUG][2020-02-21 22:55:25,021][connectionpool.py][_new_conn][208] Starting new HTTP connection (1): localhost
[DEBUG][2020-02-21 22:55:25,027][connectionpool.py][_make_request][396] http://localhost:20000 "POST /save HTTP/1.1" 200 3
[DEBUG][2020-02-21 22:55:25,575][connectionpool.py][_new_conn][208] Starting new HTTP connection (1): localhost
[DEBUG][2020-02-21 22:55:25,582][connectionpool.py][_make_request][396] http://localhost:20000 "POST /save HTTP/1.1" 200 3
[DEBUG][2020-02-21 22:55:25,985][connectionpool.py][_new_conn][208] Starting new HTTP connection (1): localhost
[DEBUG][2020-02-21 22:55:25,989][connectionpool.py][_make_request][396] http://localhost:20000 "POST /save HTTP/1.1" 200 3
[DEBUG][2020-02-21 22:55:26,449][connectionpool.py][_new_conn][208] Starting new HTTP connection (1): localhost
[DEBUG][2020-02-21 22:55:26,453][connectionpool.py][_make_request][396] http://localhost:20000 "POST /save HTTP/1.1" 200 3
[DEBUG][2020-02-21 22:55:26,990][connectionpool.py][_new_conn][208] Starting new HTTP connection (1): localhost
[DEBUG][2020-02-21 22:55:26,996][connectionpool.py][_make_request][396] http://localhost:20000 "POST /save HTTP/1.1" 200 3
[DEBUG][2020-02-21 22:55:27,564][connectionpool.py][_new_conn][208] Starting new HTTP connection (1): localhost
[DEBUG][2020-02-21 22:55:27,571][connectionpool.py][_make_request][396] http://localhost:20000 "POST /save HTTP/1.1" 200 3
[DEBUG][2020-02-21 22:55:28,165][connectionpool.py][_new_conn][208] Starting new HTTP connection (1): localhost
[DEBUG][2020-02-21 22:55:28,172][connectionpool.py][_make_request][396] http://localhost:20000 "POST /save HTTP/1.1" 200 3
[DEBUG][2020-02-21 22:55:28,847][connectionpool.py][_new_conn][208] Starting new HTTP connection (1): localhost
[DEBUG][2020-02-21 22:55:28,854][connectionpool.py][_make_request][396] http://localhost:20000 "POST /save HTTP/1.1" 200 3
